[0.009s] Invoking command in '/home/sid/orb_ws/build/orbslam3': CMAKE_PREFIX_PATH=/opt/ros/humble /usr/bin/cmake /home/sid/orb_ws/src/orbslam3 -DCMAKE_INSTALL_PREFIX=/home/sid/orb_ws/install/orbslam3
[0.058s] -- Found ament_cmake: 1.3.12 (/opt/ros/humble/share/ament_cmake/cmake)
[0.152s] -- Override CMake install command with custom implementation using symlinks instead of copying resources
[0.165s] -- Found rclcpp: 16.0.14 (/opt/ros/humble/share/rclcpp/cmake)
[0.190s] -- Found rosidl_generator_c: 3.1.7 (/opt/ros/humble/share/rosidl_generator_c/cmake)
[0.192s] -- Found rosidl_adapter: 3.1.7 (/opt/ros/humble/share/rosidl_adapter/cmake)
[0.197s] -- Found rosidl_generator_cpp: 3.1.7 (/opt/ros/humble/share/rosidl_generator_cpp/cmake)
[0.205s] -- Using all available rosidl_typesupport_c: rosidl_typesupport_fastrtps_c;rosidl_typesupport_introspection_c
[0.214s] -- Using all available rosidl_typesupport_cpp: rosidl_typesupport_fastrtps_cpp;rosidl_typesupport_introspection_cpp
[0.239s] -- Found rmw_implementation_cmake: 6.1.2 (/opt/ros/humble/share/rmw_implementation_cmake/cmake)
[0.241s] -- Found rmw_fastrtps_cpp: 6.2.8 (/opt/ros/humble/share/rmw_fastrtps_cpp/cmake)
[0.330s] -- Using RMW implementation 'rmw_fastrtps_cpp' as default
[0.368s] -- Found sensor_msgs: 4.9.0 (/opt/ros/humble/share/sensor_msgs/cmake)
[0.388s] -- Found cv_bridge: 3.2.1 (/opt/ros/humble/share/cv_bridge/cmake)
[0.394s] -- Found message_filters: 4.3.8 (/opt/ros/humble/share/message_filters/cmake)
[0.450s] -- Configuring done
[0.480s] -- Generating done
[0.486s] -- Build files have been written to: /home/sid/orb_ws/build/orbslam3
[0.494s] Invoked command in '/home/sid/orb_ws/build/orbslam3' returned '0': CMAKE_PREFIX_PATH=/opt/ros/humble /usr/bin/cmake /home/sid/orb_ws/src/orbslam3 -DCMAKE_INSTALL_PREFIX=/home/sid/orb_ws/install/orbslam3
[0.496s] Invoking command in '/home/sid/orb_ws/build/orbslam3': CMAKE_PREFIX_PATH=/opt/ros/humble /usr/bin/cmake --build /home/sid/orb_ws/build/orbslam3 -- -j20 -l20
[0.533s] [35m[1mConsolidate compiler generated dependencies of target stereo-inertial[0m
[0.533s] [35m[1mConsolidate compiler generated dependencies of target mono[0m
[0.534s] [35m[1mConsolidate compiler generated dependencies of target stereo[0m
[0.534s] [35m[1mConsolidate compiler generated dependencies of target rgbd[0m
[0.610s] [ 41%] Built target stereo-inertial
[0.610s] [ 50%] Built target rgbd
[0.611s] [100%] Built target mono
[0.611s] [100%] Built target stereo
[0.620s] Invoked command in '/home/sid/orb_ws/build/orbslam3' returned '0': CMAKE_PREFIX_PATH=/opt/ros/humble /usr/bin/cmake --build /home/sid/orb_ws/build/orbslam3 -- -j20 -l20
[0.629s] Invoking command in '/home/sid/orb_ws/build/orbslam3': CMAKE_PREFIX_PATH=/opt/ros/humble /usr/bin/cmake --install /home/sid/orb_ws/build/orbslam3
[0.633s] -- Install configuration: ""
[0.633s] -- Execute custom install script
[0.634s] -- Up-to-date symlink: /home/sid/orb_ws/install/orbslam3/lib/orbslam3/mono
[0.634s] -- Up-to-date symlink: /home/sid/orb_ws/install/orbslam3/lib/orbslam3/rgbd
[0.634s] -- Up-to-date symlink: /home/sid/orb_ws/install/orbslam3/lib/orbslam3/stereo
[0.634s] -- Up-to-date symlink: /home/sid/orb_ws/install/orbslam3/lib/orbslam3/stereo-inertial
[0.635s] -- Up-to-date symlink: /home/sid/orb_ws/install/orbslam3/share/orbslam3//launch/stereo_orbslam3.launch.py
[0.640s] -- Up-to-date symlink: /home/sid/orb_ws/install/orbslam3/share/orbslam3//config/monocular-inertial/EuRoC.yaml
[0.640s] -- Up-to-date symlink: /home/sid/orb_ws/install/orbslam3/share/orbslam3//config/monocular-inertial/EuRoC_IMU/MH01.txt
[0.640s] -- Up-to-date symlink: /home/sid/orb_ws/install/orbslam3/share/orbslam3//config/monocular-inertial/EuRoC_IMU/MH02.txt
[0.641s] -- Up-to-date symlink: /home/sid/orb_ws/install/orbslam3/share/orbslam3//config/monocular-inertial/EuRoC_IMU/MH03.txt
[0.641s] -- Up-to-date symlink: /home/sid/orb_ws/install/orbslam3/share/orbslam3//config/monocular-inertial/EuRoC_IMU/MH04.txt
[0.641s] -- Up-to-date symlink: /home/sid/orb_ws/install/orbslam3/share/orbslam3//config/monocular-inertial/EuRoC_IMU/MH05.txt
[0.641s] -- Up-to-date symlink: /home/sid/orb_ws/install/orbslam3/share/orbslam3//config/monocular-inertial/EuRoC_IMU/V101.txt
[0.641s] -- Up-to-date symlink: /home/sid/orb_ws/install/orbslam3/share/orbslam3//config/monocular-inertial/EuRoC_IMU/V102.txt
[0.641s] -- Up-to-date symlink: /home/sid/orb_ws/install/orbslam3/share/orbslam3//config/monocular-inertial/EuRoC_IMU/V103.txt
[0.641s] -- Up-to-date symlink: /home/sid/orb_ws/install/orbslam3/share/orbslam3//config/monocular-inertial/EuRoC_IMU/V201.txt
[0.642s] -- Up-to-date symlink: /home/sid/orb_ws/install/orbslam3/share/orbslam3//config/monocular-inertial/EuRoC_IMU/V202.txt
[0.642s] -- Up-to-date symlink: /home/sid/orb_ws/install/orbslam3/share/orbslam3//config/monocular-inertial/EuRoC_IMU/V203.txt
[0.642s] -- Up-to-date symlink: /home/sid/orb_ws/install/orbslam3/share/orbslam3//config/monocular-inertial/EuRoC_TimeStamps/MH01.txt
[0.642s] -- Up-to-date symlink: /home/sid/orb_ws/install/orbslam3/share/orbslam3//config/monocular-inertial/EuRoC_TimeStamps/MH02.txt
[0.642s] -- Up-to-date symlink: /home/sid/orb_ws/install/orbslam3/share/orbslam3//config/monocular-inertial/EuRoC_TimeStamps/MH03.txt
[0.642s] -- Up-to-date symlink: /home/sid/orb_ws/install/orbslam3/share/orbslam3//config/monocular-inertial/EuRoC_TimeStamps/MH04.txt
[0.642s] -- Up-to-date symlink: /home/sid/orb_ws/install/orbslam3/share/orbslam3//config/monocular-inertial/EuRoC_TimeStamps/MH05.txt
[0.643s] -- Up-to-date symlink: /home/sid/orb_ws/install/orbslam3/share/orbslam3//config/monocular-inertial/EuRoC_TimeStamps/V101.txt
[0.643s] -- Up-to-date symlink: /home/sid/orb_ws/install/orbslam3/share/orbslam3//config/monocular-inertial/EuRoC_TimeStamps/V102.txt
[0.643s] -- Up-to-date symlink: /home/sid/orb_ws/install/orbslam3/share/orbslam3//config/monocular-inertial/EuRoC_TimeStamps/V103.txt
[0.643s] -- Up-to-date symlink: /home/sid/orb_ws/install/orbslam3/share/orbslam3//config/monocular-inertial/EuRoC_TimeStamps/V201.txt
[0.643s] -- Up-to-date symlink: /home/sid/orb_ws/install/orbslam3/share/orbslam3//config/monocular-inertial/EuRoC_TimeStamps/V202.txt
[0.643s] -- Up-to-date symlink: /home/sid/orb_ws/install/orbslam3/share/orbslam3//config/monocular-inertial/EuRoC_TimeStamps/V203.txt
[0.643s] -- Up-to-date symlink: /home/sid/orb_ws/install/orbslam3/share/orbslam3//config/monocular-inertial/MultiSession/EuRoC_MH01.yaml
[0.643s] -- Up-to-date symlink: /home/sid/orb_ws/install/orbslam3/share/orbslam3//config/monocular-inertial/MultiSession/EuRoC_MH02.yaml
[0.644s] -- Up-to-date symlink: /home/sid/orb_ws/install/orbslam3/share/orbslam3//config/monocular-inertial/MultiSession/EuRoC_MH03.yaml
[0.644s] -- Up-to-date symlink: /home/sid/orb_ws/install/orbslam3/share/orbslam3//config/monocular-inertial/MultiSession/EuRoC_MH04.yaml
[0.644s] -- Up-to-date symlink: /home/sid/orb_ws/install/orbslam3/share/orbslam3//config/monocular-inertial/MultiSession/EuRoC_MH05.yaml
[0.644s] -- Up-to-date symlink: /home/sid/orb_ws/install/orbslam3/share/orbslam3//config/monocular-inertial/MultiSession/EuRoC_V101.yaml
[0.644s] -- Up-to-date symlink: /home/sid/orb_ws/install/orbslam3/share/orbslam3//config/monocular-inertial/MultiSession/EuRoC_V102.yaml
[0.644s] -- Up-to-date symlink: /home/sid/orb_ws/install/orbslam3/share/orbslam3//config/monocular-inertial/MultiSession/EuRoC_V103.yaml
[0.644s] -- Up-to-date symlink: /home/sid/orb_ws/install/orbslam3/share/orbslam3//config/monocular-inertial/MultiSession/EuRoC_V201.yaml
[0.644s] -- Up-to-date symlink: /home/sid/orb_ws/install/orbslam3/share/orbslam3//config/monocular-inertial/MultiSession/EuRoC_V202.yaml
[0.644s] -- Up-to-date symlink: /home/sid/orb_ws/install/orbslam3/share/orbslam3//config/monocular-inertial/MultiSession/EuRoC_V203.yaml
[0.644s] -- Up-to-date symlink: /home/sid/orb_ws/install/orbslam3/share/orbslam3//config/monocular-inertial/RealSense_D435i.yaml
[0.644s] -- Up-to-date symlink: /home/sid/orb_ws/install/orbslam3/share/orbslam3//config/monocular-inertial/RealSense_T265.yaml
[0.644s] -- Up-to-date symlink: /home/sid/orb_ws/install/orbslam3/share/orbslam3//config/monocular-inertial/TUM-VI.yaml
[0.644s] -- Up-to-date symlink: /home/sid/orb_ws/install/orbslam3/share/orbslam3//config/monocular-inertial/TUM-VI_far.yaml
[0.645s] -- Up-to-date symlink: /home/sid/orb_ws/install/orbslam3/share/orbslam3//config/monocular-inertial/TUM_IMU/dataset-corridor1_512.txt
[0.645s] -- Up-to-date symlink: /home/sid/orb_ws/install/orbslam3/share/orbslam3//config/monocular-inertial/TUM_IMU/dataset-corridor2_1024.txt
[0.645s] -- Up-to-date symlink: /home/sid/orb_ws/install/orbslam3/share/orbslam3//config/monocular-inertial/TUM_IMU/dataset-corridor2_512.txt
[0.645s] -- Up-to-date symlink: /home/sid/orb_ws/install/orbslam3/share/orbslam3//config/monocular-inertial/TUM_IMU/dataset-corridor3_512.txt
[0.645s] -- Up-to-date symlink: /home/sid/orb_ws/install/orbslam3/share/orbslam3//config/monocular-inertial/TUM_IMU/dataset-corridor4_512.txt
[0.645s] -- Up-to-date symlink: /home/sid/orb_ws/install/orbslam3/share/orbslam3//config/monocular-inertial/TUM_IMU/dataset-corridor5_512.txt
[0.645s] -- Up-to-date symlink: /home/sid/orb_ws/install/orbslam3/share/orbslam3//config/monocular-inertial/TUM_IMU/dataset-magistrale1_512.txt
[0.645s] -- Up-to-date symlink: /home/sid/orb_ws/install/orbslam3/share/orbslam3//config/monocular-inertial/TUM_IMU/dataset-magistrale2_512.txt
[0.645s] -- Up-to-date symlink: /home/sid/orb_ws/install/orbslam3/share/orbslam3//config/monocular-inertial/TUM_IMU/dataset-magistrale3_512.txt
[0.645s] -- Up-to-date symlink: /home/sid/orb_ws/install/orbslam3/share/orbslam3//config/monocular-inertial/TUM_IMU/dataset-magistrale4_512.txt
[0.646s] -- Up-to-date symlink: /home/sid/orb_ws/install/orbslam3/share/orbslam3//config/monocular-inertial/TUM_IMU/dataset-magistrale5_512.txt
[0.646s] -- Up-to-date symlink: /home/sid/orb_ws/install/orbslam3/share/orbslam3//config/monocular-inertial/TUM_IMU/dataset-magistrale6_512.txt
[0.646s] -- Up-to-date symlink: /home/sid/orb_ws/install/orbslam3/share/orbslam3//config/monocular-inertial/TUM_IMU/dataset-outdoors1_512.txt
[0.646s] -- Up-to-date symlink: /home/sid/orb_ws/install/orbslam3/share/orbslam3//config/monocular-inertial/TUM_IMU/dataset-outdoors2_512.txt
[0.646s] -- Up-to-date symlink: /home/sid/orb_ws/install/orbslam3/share/orbslam3//config/monocular-inertial/TUM_IMU/dataset-outdoors3_512.txt
[0.646s] -- Up-to-date symlink: /home/sid/orb_ws/install/orbslam3/share/orbslam3//config/monocular-inertial/TUM_IMU/dataset-outdoors4_512.txt
[0.646s] -- Up-to-date symlink: /home/sid/orb_ws/install/orbslam3/share/orbslam3//config/monocular-inertial/TUM_IMU/dataset-outdoors5_512.txt
[0.646s] -- Up-to-date symlink: /home/sid/orb_ws/install/orbslam3/share/orbslam3//config/monocular-inertial/TUM_IMU/dataset-outdoors6_512.txt
[0.646s] -- Up-to-date symlink: /home/sid/orb_ws/install/orbslam3/share/orbslam3//config/monocular-inertial/TUM_IMU/dataset-outdoors7_512.txt
[0.646s] -- Up-to-date symlink: /home/sid/orb_ws/install/orbslam3/share/orbslam3//config/monocular-inertial/TUM_IMU/dataset-outdoors8_512.txt
[0.647s] -- Up-to-date symlink: /home/sid/orb_ws/install/orbslam3/share/orbslam3//config/monocular-inertial/TUM_IMU/dataset-room1_512.txt
[0.647s] -- Up-to-date symlink: /home/sid/orb_ws/install/orbslam3/share/orbslam3//config/monocular-inertial/TUM_IMU/dataset-room2_512.txt
[0.647s] -- Up-to-date symlink: /home/sid/orb_ws/install/orbslam3/share/orbslam3//config/monocular-inertial/TUM_IMU/dataset-room3_512.txt
[0.647s] -- Up-to-date symlink: /home/sid/orb_ws/install/orbslam3/share/orbslam3//config/monocular-inertial/TUM_IMU/dataset-room4_512.txt
[0.647s] -- Up-to-date symlink: /home/sid/orb_ws/install/orbslam3/share/orbslam3//config/monocular-inertial/TUM_IMU/dataset-room5_512.txt
[0.647s] -- Up-to-date symlink: /home/sid/orb_ws/install/orbslam3/share/orbslam3//config/monocular-inertial/TUM_IMU/dataset-room6_512.txt
[0.647s] -- Up-to-date symlink: /home/sid/orb_ws/install/orbslam3/share/orbslam3//config/monocular-inertial/TUM_IMU/dataset-slides1_512.txt
[0.647s] -- Up-to-date symlink: /home/sid/orb_ws/install/orbslam3/share/orbslam3//config/monocular-inertial/TUM_IMU/dataset-slides2_512.txt
[0.647s] -- Up-to-date symlink: /home/sid/orb_ws/install/orbslam3/share/orbslam3//config/monocular-inertial/TUM_IMU/dataset-slides3_512.txt
[0.647s] -- Up-to-date symlink: /home/sid/orb_ws/install/orbslam3/share/orbslam3//config/monocular-inertial/TUM_TimeStamps/dataset-corridor1_512.txt
[0.647s] -- Up-to-date symlink: /home/sid/orb_ws/install/orbslam3/share/orbslam3//config/monocular-inertial/TUM_TimeStamps/dataset-corridor2_1024.txt
[0.647s] -- Up-to-date symlink: /home/sid/orb_ws/install/orbslam3/share/orbslam3//config/monocular-inertial/TUM_TimeStamps/dataset-corridor2_512.txt
[0.648s] -- Up-to-date symlink: /home/sid/orb_ws/install/orbslam3/share/orbslam3//config/monocular-inertial/TUM_TimeStamps/dataset-corridor3_512.txt
[0.648s] -- Up-to-date symlink: /home/sid/orb_ws/install/orbslam3/share/orbslam3//config/monocular-inertial/TUM_TimeStamps/dataset-corridor4_512.txt
[0.648s] -- Up-to-date symlink: /home/sid/orb_ws/install/orbslam3/share/orbslam3//config/monocular-inertial/TUM_TimeStamps/dataset-corridor5_512.txt
[0.648s] -- Up-to-date symlink: /home/sid/orb_ws/install/orbslam3/share/orbslam3//config/monocular-inertial/TUM_TimeStamps/dataset-magistrale1_512.txt
[0.648s] -- Up-to-date symlink: /home/sid/orb_ws/install/orbslam3/share/orbslam3//config/monocular-inertial/TUM_TimeStamps/dataset-magistrale2_512.txt
[0.648s] -- Up-to-date symlink: /home/sid/orb_ws/install/orbslam3/share/orbslam3//config/monocular-inertial/TUM_TimeStamps/dataset-magistrale3_512.txt
[0.648s] -- Up-to-date symlink: /home/sid/orb_ws/install/orbslam3/share/orbslam3//config/monocular-inertial/TUM_TimeStamps/dataset-magistrale4_512.txt
[0.648s] -- Up-to-date symlink: /home/sid/orb_ws/install/orbslam3/share/orbslam3//config/monocular-inertial/TUM_TimeStamps/dataset-magistrale5_512.txt
[0.649s] -- Up-to-date symlink: /home/sid/orb_ws/install/orbslam3/share/orbslam3//config/monocular-inertial/TUM_TimeStamps/dataset-magistrale6_512.txt
[0.649s] -- Up-to-date symlink: /home/sid/orb_ws/install/orbslam3/share/orbslam3//config/monocular-inertial/TUM_TimeStamps/dataset-outdoors1_512.txt
[0.649s] -- Up-to-date symlink: /home/sid/orb_ws/install/orbslam3/share/orbslam3//config/monocular-inertial/TUM_TimeStamps/dataset-outdoors2_512.txt
[0.649s] -- Up-to-date symlink: /home/sid/orb_ws/install/orbslam3/share/orbslam3//config/monocular-inertial/TUM_TimeStamps/dataset-outdoors3_512.txt
[0.649s] -- Up-to-date symlink: /home/sid/orb_ws/install/orbslam3/share/orbslam3//config/monocular-inertial/TUM_TimeStamps/dataset-outdoors4_512.txt
[0.649s] -- Up-to-date symlink: /home/sid/orb_ws/install/orbslam3/share/orbslam3//config/monocular-inertial/TUM_TimeStamps/dataset-outdoors5_512.txt
[0.649s] -- Up-to-date symlink: /home/sid/orb_ws/install/orbslam3/share/orbslam3//config/monocular-inertial/TUM_TimeStamps/dataset-outdoors6_512.txt
[0.649s] -- Up-to-date symlink: /home/sid/orb_ws/install/orbslam3/share/orbslam3//config/monocular-inertial/TUM_TimeStamps/dataset-outdoors7_512.txt
[0.649s] -- Up-to-date symlink: /home/sid/orb_ws/install/orbslam3/share/orbslam3//config/monocular-inertial/TUM_TimeStamps/dataset-outdoors8_512.txt
[0.649s] -- Up-to-date symlink: /home/sid/orb_ws/install/orbslam3/share/orbslam3//config/monocular-inertial/TUM_TimeStamps/dataset-room1_512.txt
[0.649s] -- Up-to-date symlink: /home/sid/orb_ws/install/orbslam3/share/orbslam3//config/monocular-inertial/TUM_TimeStamps/dataset-room2_512.txt
[0.649s] -- Up-to-date symlink: /home/sid/orb_ws/install/orbslam3/share/orbslam3//config/monocular-inertial/TUM_TimeStamps/dataset-room3_512.txt
[0.649s] -- Up-to-date symlink: /home/sid/orb_ws/install/orbslam3/share/orbslam3//config/monocular-inertial/TUM_TimeStamps/dataset-room4_512.txt
[0.650s] -- Up-to-date symlink: /home/sid/orb_ws/install/orbslam3/share/orbslam3//config/monocular-inertial/TUM_TimeStamps/dataset-room5_512.txt
[0.650s] -- Up-to-date symlink: /home/sid/orb_ws/install/orbslam3/share/orbslam3//config/monocular-inertial/TUM_TimeStamps/dataset-room6_512.txt
[0.650s] -- Up-to-date symlink: /home/sid/orb_ws/install/orbslam3/share/orbslam3//config/monocular-inertial/TUM_TimeStamps/dataset-slides1_512.txt
[0.650s] -- Up-to-date symlink: /home/sid/orb_ws/install/orbslam3/share/orbslam3//config/monocular-inertial/TUM_TimeStamps/dataset-slides2_512.txt
[0.650s] -- Up-to-date symlink: /home/sid/orb_ws/install/orbslam3/share/orbslam3//config/monocular-inertial/TUM_TimeStamps/dataset-slides3_512.txt
[0.650s] -- Up-to-date symlink: /home/sid/orb_ws/install/orbslam3/share/orbslam3//config/monocular/EuRoC.yaml
[0.650s] -- Up-to-date symlink: /home/sid/orb_ws/install/orbslam3/share/orbslam3//config/monocular/EuRoC_TimeStamps/MH01.txt
[0.650s] -- Up-to-date symlink: /home/sid/orb_ws/install/orbslam3/share/orbslam3//config/monocular/EuRoC_TimeStamps/MH02.txt
[0.650s] -- Up-to-date symlink: /home/sid/orb_ws/install/orbslam3/share/orbslam3//config/monocular/EuRoC_TimeStamps/MH03.txt
[0.650s] -- Up-to-date symlink: /home/sid/orb_ws/install/orbslam3/share/orbslam3//config/monocular/EuRoC_TimeStamps/MH04.txt
[0.650s] -- Up-to-date symlink: /home/sid/orb_ws/install/orbslam3/share/orbslam3//config/monocular/EuRoC_TimeStamps/MH05.txt
[0.650s] -- Up-to-date symlink: /home/sid/orb_ws/install/orbslam3/share/orbslam3//config/monocular/EuRoC_TimeStamps/V101.txt
[0.651s] -- Up-to-date symlink: /home/sid/orb_ws/install/orbslam3/share/orbslam3//config/monocular/EuRoC_TimeStamps/V102.txt
[0.651s] -- Up-to-date symlink: /home/sid/orb_ws/install/orbslam3/share/orbslam3//config/monocular/EuRoC_TimeStamps/V103.txt
[0.651s] -- Up-to-date symlink: /home/sid/orb_ws/install/orbslam3/share/orbslam3//config/monocular/EuRoC_TimeStamps/V201.txt
[0.651s] -- Up-to-date symlink: /home/sid/orb_ws/install/orbslam3/share/orbslam3//config/monocular/EuRoC_TimeStamps/V202.txt
[0.651s] -- Up-to-date symlink: /home/sid/orb_ws/install/orbslam3/share/orbslam3//config/monocular/EuRoC_TimeStamps/V203.txt
[0.651s] -- Up-to-date symlink: /home/sid/orb_ws/install/orbslam3/share/orbslam3//config/monocular/KITTI00-02.yaml
[0.651s] -- Up-to-date symlink: /home/sid/orb_ws/install/orbslam3/share/orbslam3//config/monocular/KITTI03.yaml
[0.651s] -- Up-to-date symlink: /home/sid/orb_ws/install/orbslam3/share/orbslam3//config/monocular/KITTI04-12.yaml
[0.651s] -- Up-to-date symlink: /home/sid/orb_ws/install/orbslam3/share/orbslam3//config/monocular/MultiSession/EuRoC_MH01.yaml
[0.652s] -- Up-to-date symlink: /home/sid/orb_ws/install/orbslam3/share/orbslam3//config/monocular/MultiSession/EuRoC_MH02.yaml
[0.652s] -- Up-to-date symlink: /home/sid/orb_ws/install/orbslam3/share/orbslam3//config/monocular/MultiSession/EuRoC_MH03.yaml
[0.652s] -- Up-to-date symlink: /home/sid/orb_ws/install/orbslam3/share/orbslam3//config/monocular/MultiSession/EuRoC_MH04.yaml
[0.652s] -- Up-to-date symlink: /home/sid/orb_ws/install/orbslam3/share/orbslam3//config/monocular/MultiSession/EuRoC_MH05.yaml
[0.652s] -- Up-to-date symlink: /home/sid/orb_ws/install/orbslam3/share/orbslam3//config/monocular/MultiSession/EuRoC_V101.yaml
[0.652s] -- Up-to-date symlink: /home/sid/orb_ws/install/orbslam3/share/orbslam3//config/monocular/MultiSession/EuRoC_V102.yaml
[0.652s] -- Up-to-date symlink: /home/sid/orb_ws/install/orbslam3/share/orbslam3//config/monocular/MultiSession/EuRoC_V103.yaml
[0.652s] -- Up-to-date symlink: /home/sid/orb_ws/install/orbslam3/share/orbslam3//config/monocular/MultiSession/EuRoC_V201.yaml
[0.652s] -- Up-to-date symlink: /home/sid/orb_ws/install/orbslam3/share/orbslam3//config/monocular/MultiSession/EuRoC_V202.yaml
[0.652s] -- Up-to-date symlink: /home/sid/orb_ws/install/orbslam3/share/orbslam3//config/monocular/MultiSession/EuRoC_V203.yaml
[0.652s] -- Up-to-date symlink: /home/sid/orb_ws/install/orbslam3/share/orbslam3//config/monocular/RealSense_D435i.yaml
[0.652s] -- Up-to-date symlink: /home/sid/orb_ws/install/orbslam3/share/orbslam3//config/monocular/RealSense_T265.yaml
[0.653s] -- Up-to-date symlink: /home/sid/orb_ws/install/orbslam3/share/orbslam3//config/monocular/TUM-VI.yaml
[0.653s] -- Up-to-date symlink: /home/sid/orb_ws/install/orbslam3/share/orbslam3//config/monocular/TUM1.yaml
[0.653s] -- Up-to-date symlink: /home/sid/orb_ws/install/orbslam3/share/orbslam3//config/monocular/TUM2.yaml
[0.653s] -- Up-to-date symlink: /home/sid/orb_ws/install/orbslam3/share/orbslam3//config/monocular/TUM3.yaml
[0.653s] -- Up-to-date symlink: /home/sid/orb_ws/install/orbslam3/share/orbslam3//config/monocular/TUM_TimeStamps/dataset-corridor1_512.txt
[0.653s] -- Up-to-date symlink: /home/sid/orb_ws/install/orbslam3/share/orbslam3//config/monocular/TUM_TimeStamps/dataset-corridor2_1024.txt
[0.653s] -- Up-to-date symlink: /home/sid/orb_ws/install/orbslam3/share/orbslam3//config/monocular/TUM_TimeStamps/dataset-corridor2_512.txt
[0.653s] -- Up-to-date symlink: /home/sid/orb_ws/install/orbslam3/share/orbslam3//config/monocular/TUM_TimeStamps/dataset-corridor3_512.txt
[0.653s] -- Up-to-date symlink: /home/sid/orb_ws/install/orbslam3/share/orbslam3//config/monocular/TUM_TimeStamps/dataset-corridor4_512.txt
[0.653s] -- Up-to-date symlink: /home/sid/orb_ws/install/orbslam3/share/orbslam3//config/monocular/TUM_TimeStamps/dataset-corridor5_512.txt
[0.653s] -- Up-to-date symlink: /home/sid/orb_ws/install/orbslam3/share/orbslam3//config/monocular/TUM_TimeStamps/dataset-magistrale1_512.txt
[0.653s] -- Up-to-date symlink: /home/sid/orb_ws/install/orbslam3/share/orbslam3//config/monocular/TUM_TimeStamps/dataset-magistrale2_512.txt
[0.653s] -- Up-to-date symlink: /home/sid/orb_ws/install/orbslam3/share/orbslam3//config/monocular/TUM_TimeStamps/dataset-magistrale3_512.txt
[0.654s] -- Up-to-date symlink: /home/sid/orb_ws/install/orbslam3/share/orbslam3//config/monocular/TUM_TimeStamps/dataset-magistrale4_512.txt
[0.654s] -- Up-to-date symlink: /home/sid/orb_ws/install/orbslam3/share/orbslam3//config/monocular/TUM_TimeStamps/dataset-magistrale5_512.txt
[0.654s] -- Up-to-date symlink: /home/sid/orb_ws/install/orbslam3/share/orbslam3//config/monocular/TUM_TimeStamps/dataset-magistrale6_512.txt
[0.654s] -- Up-to-date symlink: /home/sid/orb_ws/install/orbslam3/share/orbslam3//config/monocular/TUM_TimeStamps/dataset-outdoors1_512.txt
[0.654s] -- Up-to-date symlink: /home/sid/orb_ws/install/orbslam3/share/orbslam3//config/monocular/TUM_TimeStamps/dataset-outdoors2_512.txt
[0.654s] -- Up-to-date symlink: /home/sid/orb_ws/install/orbslam3/share/orbslam3//config/monocular/TUM_TimeStamps/dataset-outdoors3_512.txt
[0.654s] -- Up-to-date symlink: /home/sid/orb_ws/install/orbslam3/share/orbslam3//config/monocular/TUM_TimeStamps/dataset-outdoors4_512.txt
[0.654s] -- Up-to-date symlink: /home/sid/orb_ws/install/orbslam3/share/orbslam3//config/monocular/TUM_TimeStamps/dataset-outdoors5_512.txt
[0.655s] -- Up-to-date symlink: /home/sid/orb_ws/install/orbslam3/share/orbslam3//config/monocular/TUM_TimeStamps/dataset-outdoors6_512.txt
[0.655s] -- Up-to-date symlink: /home/sid/orb_ws/install/orbslam3/share/orbslam3//config/monocular/TUM_TimeStamps/dataset-outdoors7_512.txt
[0.655s] -- Up-to-date symlink: /home/sid/orb_ws/install/orbslam3/share/orbslam3//config/monocular/TUM_TimeStamps/dataset-outdoors8_512.txt
[0.655s] -- Up-to-date symlink: /home/sid/orb_ws/install/orbslam3/share/orbslam3//config/monocular/TUM_TimeStamps/dataset-room1_512.txt
[0.655s] -- Up-to-date symlink: /home/sid/orb_ws/install/orbslam3/share/orbslam3//config/monocular/TUM_TimeStamps/dataset-room2_512.txt
[0.655s] -- Up-to-date symlink: /home/sid/orb_ws/install/orbslam3/share/orbslam3//config/monocular/TUM_TimeStamps/dataset-room3_512.txt
[0.655s] -- Up-to-date symlink: /home/sid/orb_ws/install/orbslam3/share/orbslam3//config/monocular/TUM_TimeStamps/dataset-room4_512.txt
[0.655s] -- Up-to-date symlink: /home/sid/orb_ws/install/orbslam3/share/orbslam3//config/monocular/TUM_TimeStamps/dataset-room5_512.txt
[0.655s] -- Up-to-date symlink: /home/sid/orb_ws/install/orbslam3/share/orbslam3//config/monocular/TUM_TimeStamps/dataset-room6_512.txt
[0.655s] -- Up-to-date symlink: /home/sid/orb_ws/install/orbslam3/share/orbslam3//config/monocular/TUM_TimeStamps/dataset-slides1_512.txt
[0.655s] -- Up-to-date symlink: /home/sid/orb_ws/install/orbslam3/share/orbslam3//config/monocular/TUM_TimeStamps/dataset-slides2_512.txt
[0.655s] -- Up-to-date symlink: /home/sid/orb_ws/install/orbslam3/share/orbslam3//config/monocular/TUM_TimeStamps/dataset-slides3_512.txt
[0.656s] -- Up-to-date symlink: /home/sid/orb_ws/install/orbslam3/share/orbslam3//config/rgb-d-inertial/RealSense_D435i.yaml
[0.656s] -- Up-to-date symlink: /home/sid/orb_ws/install/orbslam3/share/orbslam3//config/rgb-d/RealSense_D435i.yaml
[0.656s] -- Up-to-date symlink: /home/sid/orb_ws/install/orbslam3/share/orbslam3//config/rgb-d/TUM1.yaml
[0.656s] -- Up-to-date symlink: /home/sid/orb_ws/install/orbslam3/share/orbslam3//config/rgb-d/TUM2.yaml
[0.656s] -- Up-to-date symlink: /home/sid/orb_ws/install/orbslam3/share/orbslam3//config/rgb-d/TUM3.yaml
[0.656s] -- Up-to-date symlink: /home/sid/orb_ws/install/orbslam3/share/orbslam3//config/rgb-d/associations/fr1_desk.txt
[0.656s] -- Up-to-date symlink: /home/sid/orb_ws/install/orbslam3/share/orbslam3//config/rgb-d/associations/fr1_desk2.txt
[0.656s] -- Up-to-date symlink: /home/sid/orb_ws/install/orbslam3/share/orbslam3//config/rgb-d/associations/fr1_room.txt
[0.656s] -- Up-to-date symlink: /home/sid/orb_ws/install/orbslam3/share/orbslam3//config/rgb-d/associations/fr1_xyz.txt
[0.656s] -- Up-to-date symlink: /home/sid/orb_ws/install/orbslam3/share/orbslam3//config/rgb-d/associations/fr2_desk.txt
[0.656s] -- Up-to-date symlink: /home/sid/orb_ws/install/orbslam3/share/orbslam3//config/rgb-d/associations/fr2_xyz.txt
[0.656s] -- Up-to-date symlink: /home/sid/orb_ws/install/orbslam3/share/orbslam3//config/rgb-d/associations/fr3_nstr_tex_near.txt
[0.657s] -- Up-to-date symlink: /home/sid/orb_ws/install/orbslam3/share/orbslam3//config/rgb-d/associations/fr3_office.txt
[0.657s] -- Up-to-date symlink: /home/sid/orb_ws/install/orbslam3/share/orbslam3//config/rgb-d/associations/fr3_office_val.txt
[0.657s] -- Up-to-date symlink: /home/sid/orb_ws/install/orbslam3/share/orbslam3//config/rgb-d/associations/fr3_str_tex_far.txt
[0.657s] -- Up-to-date symlink: /home/sid/orb_ws/install/orbslam3/share/orbslam3//config/rgb-d/associations/fr3_str_tex_near.txt
[0.657s] -- Up-to-date symlink: /home/sid/orb_ws/install/orbslam3/share/orbslam3//config/stereo-inertial/EuRoC.yaml
[0.657s] -- Up-to-date symlink: /home/sid/orb_ws/install/orbslam3/share/orbslam3//config/stereo-inertial/EuRoC_IMU/MH01.txt
[0.657s] -- Up-to-date symlink: /home/sid/orb_ws/install/orbslam3/share/orbslam3//config/stereo-inertial/EuRoC_IMU/MH02.txt
[0.657s] -- Up-to-date symlink: /home/sid/orb_ws/install/orbslam3/share/orbslam3//config/stereo-inertial/EuRoC_IMU/MH03.txt
[0.657s] -- Up-to-date symlink: /home/sid/orb_ws/install/orbslam3/share/orbslam3//config/stereo-inertial/EuRoC_IMU/MH04.txt
[0.658s] -- Up-to-date symlink: /home/sid/orb_ws/install/orbslam3/share/orbslam3//config/stereo-inertial/EuRoC_IMU/MH05.txt
[0.658s] -- Up-to-date symlink: /home/sid/orb_ws/install/orbslam3/share/orbslam3//config/stereo-inertial/EuRoC_IMU/V101.txt
[0.658s] -- Up-to-date symlink: /home/sid/orb_ws/install/orbslam3/share/orbslam3//config/stereo-inertial/EuRoC_IMU/V102.txt
[0.658s] -- Up-to-date symlink: /home/sid/orb_ws/install/orbslam3/share/orbslam3//config/stereo-inertial/EuRoC_IMU/V103.txt
[0.658s] -- Up-to-date symlink: /home/sid/orb_ws/install/orbslam3/share/orbslam3//config/stereo-inertial/EuRoC_IMU/V201.txt
[0.658s] -- Up-to-date symlink: /home/sid/orb_ws/install/orbslam3/share/orbslam3//config/stereo-inertial/EuRoC_IMU/V202.txt
[0.658s] -- Up-to-date symlink: /home/sid/orb_ws/install/orbslam3/share/orbslam3//config/stereo-inertial/EuRoC_IMU/V203.txt
[0.658s] -- Up-to-date symlink: /home/sid/orb_ws/install/orbslam3/share/orbslam3//config/stereo-inertial/EuRoC_TimeStamps/MH01.txt
[0.658s] -- Up-to-date symlink: /home/sid/orb_ws/install/orbslam3/share/orbslam3//config/stereo-inertial/EuRoC_TimeStamps/MH02.txt
[0.658s] -- Up-to-date symlink: /home/sid/orb_ws/install/orbslam3/share/orbslam3//config/stereo-inertial/EuRoC_TimeStamps/MH03.txt
[0.658s] -- Up-to-date symlink: /home/sid/orb_ws/install/orbslam3/share/orbslam3//config/stereo-inertial/EuRoC_TimeStamps/MH04.txt
[0.658s] -- Up-to-date symlink: /home/sid/orb_ws/install/orbslam3/share/orbslam3//config/stereo-inertial/EuRoC_TimeStamps/MH05.txt
[0.658s] -- Up-to-date symlink: /home/sid/orb_ws/install/orbslam3/share/orbslam3//config/stereo-inertial/EuRoC_TimeStamps/V101.txt
[0.659s] -- Up-to-date symlink: /home/sid/orb_ws/install/orbslam3/share/orbslam3//config/stereo-inertial/EuRoC_TimeStamps/V102.txt
[0.659s] -- Up-to-date symlink: /home/sid/orb_ws/install/orbslam3/share/orbslam3//config/stereo-inertial/EuRoC_TimeStamps/V103.txt
[0.659s] -- Up-to-date symlink: /home/sid/orb_ws/install/orbslam3/share/orbslam3//config/stereo-inertial/EuRoC_TimeStamps/V201.txt
[0.659s] -- Up-to-date symlink: /home/sid/orb_ws/install/orbslam3/share/orbslam3//config/stereo-inertial/EuRoC_TimeStamps/V202.txt
[0.659s] -- Up-to-date symlink: /home/sid/orb_ws/install/orbslam3/share/orbslam3//config/stereo-inertial/EuRoC_TimeStamps/V203.txt
[0.659s] -- Up-to-date symlink: /home/sid/orb_ws/install/orbslam3/share/orbslam3//config/stereo-inertial/EuRoC_TimeStamps/V203_2.txt
[0.659s] -- Up-to-date symlink: /home/sid/orb_ws/install/orbslam3/share/orbslam3//config/stereo-inertial/MultiSession/EuRoC_MH01.yaml
[0.659s] -- Up-to-date symlink: /home/sid/orb_ws/install/orbslam3/share/orbslam3//config/stereo-inertial/MultiSession/EuRoC_MH02.yaml
[0.659s] -- Up-to-date symlink: /home/sid/orb_ws/install/orbslam3/share/orbslam3//config/stereo-inertial/MultiSession/EuRoC_MH03.yaml
[0.659s] -- Up-to-date symlink: /home/sid/orb_ws/install/orbslam3/share/orbslam3//config/stereo-inertial/MultiSession/EuRoC_MH04.yaml
[0.660s] -- Up-to-date symlink: /home/sid/orb_ws/install/orbslam3/share/orbslam3//config/stereo-inertial/MultiSession/EuRoC_MH05.yaml
[0.660s] -- Up-to-date symlink: /home/sid/orb_ws/install/orbslam3/share/orbslam3//config/stereo-inertial/MultiSession/EuRoC_V101.yaml
[0.660s] -- Up-to-date symlink: /home/sid/orb_ws/install/orbslam3/share/orbslam3//config/stereo-inertial/MultiSession/EuRoC_V102.yaml
[0.660s] -- Up-to-date symlink: /home/sid/orb_ws/install/orbslam3/share/orbslam3//config/stereo-inertial/MultiSession/EuRoC_V103.yaml
[0.660s] -- Up-to-date symlink: /home/sid/orb_ws/install/orbslam3/share/orbslam3//config/stereo-inertial/MultiSession/EuRoC_V201.yaml
[0.660s] -- Up-to-date symlink: /home/sid/orb_ws/install/orbslam3/share/orbslam3//config/stereo-inertial/MultiSession/EuRoC_V202.yaml
[0.660s] -- Up-to-date symlink: /home/sid/orb_ws/install/orbslam3/share/orbslam3//config/stereo-inertial/MultiSession/EuRoC_V203.yaml
[0.660s] -- Up-to-date symlink: /home/sid/orb_ws/install/orbslam3/share/orbslam3//config/stereo-inertial/RealSense_D435i.yaml
[0.660s] -- Up-to-date symlink: /home/sid/orb_ws/install/orbslam3/share/orbslam3//config/stereo-inertial/RealSense_T265.yaml
[0.660s] -- Up-to-date symlink: /home/sid/orb_ws/install/orbslam3/share/orbslam3//config/stereo-inertial/TUM-VI.yaml
[0.660s] -- Up-to-date symlink: /home/sid/orb_ws/install/orbslam3/share/orbslam3//config/stereo-inertial/TUM-VI_far.yaml
[0.660s] -- Up-to-date symlink: /home/sid/orb_ws/install/orbslam3/share/orbslam3//config/stereo-inertial/TUM_IMU/dataset-corridor1_512.txt
[0.660s] -- Up-to-date symlink: /home/sid/orb_ws/install/orbslam3/share/orbslam3//config/stereo-inertial/TUM_IMU/dataset-corridor2_1024.txt
[0.661s] -- Up-to-date symlink: /home/sid/orb_ws/install/orbslam3/share/orbslam3//config/stereo-inertial/TUM_IMU/dataset-corridor2_512.txt
[0.661s] -- Up-to-date symlink: /home/sid/orb_ws/install/orbslam3/share/orbslam3//config/stereo-inertial/TUM_IMU/dataset-corridor3_512.txt
[0.661s] -- Up-to-date symlink: /home/sid/orb_ws/install/orbslam3/share/orbslam3//config/stereo-inertial/TUM_IMU/dataset-corridor4_512.txt
[0.661s] -- Up-to-date symlink: /home/sid/orb_ws/install/orbslam3/share/orbslam3//config/stereo-inertial/TUM_IMU/dataset-corridor5_512.txt
[0.661s] -- Up-to-date symlink: /home/sid/orb_ws/install/orbslam3/share/orbslam3//config/stereo-inertial/TUM_IMU/dataset-magistrale1_512.txt
[0.661s] -- Up-to-date symlink: /home/sid/orb_ws/install/orbslam3/share/orbslam3//config/stereo-inertial/TUM_IMU/dataset-magistrale2_512.txt
[0.661s] -- Up-to-date symlink: /home/sid/orb_ws/install/orbslam3/share/orbslam3//config/stereo-inertial/TUM_IMU/dataset-magistrale3_512.txt
[0.661s] -- Up-to-date symlink: /home/sid/orb_ws/install/orbslam3/share/orbslam3//config/stereo-inertial/TUM_IMU/dataset-magistrale4_512.txt
[0.661s] -- Up-to-date symlink: /home/sid/orb_ws/install/orbslam3/share/orbslam3//config/stereo-inertial/TUM_IMU/dataset-magistrale5_512.txt
[0.661s] -- Up-to-date symlink: /home/sid/orb_ws/install/orbslam3/share/orbslam3//config/stereo-inertial/TUM_IMU/dataset-magistrale6_512.txt
[0.661s] -- Up-to-date symlink: /home/sid/orb_ws/install/orbslam3/share/orbslam3//config/stereo-inertial/TUM_IMU/dataset-outdoors1_512.txt
[0.661s] -- Up-to-date symlink: /home/sid/orb_ws/install/orbslam3/share/orbslam3//config/stereo-inertial/TUM_IMU/dataset-outdoors2_512.txt
[0.661s] -- Up-to-date symlink: /home/sid/orb_ws/install/orbslam3/share/orbslam3//config/stereo-inertial/TUM_IMU/dataset-outdoors3_512.txt
[0.661s] -- Up-to-date symlink: /home/sid/orb_ws/install/orbslam3/share/orbslam3//config/stereo-inertial/TUM_IMU/dataset-outdoors4_512.txt
[0.662s] -- Up-to-date symlink: /home/sid/orb_ws/install/orbslam3/share/orbslam3//config/stereo-inertial/TUM_IMU/dataset-outdoors5_512.txt
[0.662s] -- Up-to-date symlink: /home/sid/orb_ws/install/orbslam3/share/orbslam3//config/stereo-inertial/TUM_IMU/dataset-outdoors6_512.txt
[0.662s] -- Up-to-date symlink: /home/sid/orb_ws/install/orbslam3/share/orbslam3//config/stereo-inertial/TUM_IMU/dataset-outdoors7_512.txt
[0.662s] -- Up-to-date symlink: /home/sid/orb_ws/install/orbslam3/share/orbslam3//config/stereo-inertial/TUM_IMU/dataset-outdoors8_512.txt
[0.662s] -- Up-to-date symlink: /home/sid/orb_ws/install/orbslam3/share/orbslam3//config/stereo-inertial/TUM_IMU/dataset-room1_512.txt
[0.662s] -- Up-to-date symlink: /home/sid/orb_ws/install/orbslam3/share/orbslam3//config/stereo-inertial/TUM_IMU/dataset-room2_512.txt
[0.662s] -- Up-to-date symlink: /home/sid/orb_ws/install/orbslam3/share/orbslam3//config/stereo-inertial/TUM_IMU/dataset-room3_512.txt
[0.662s] -- Up-to-date symlink: /home/sid/orb_ws/install/orbslam3/share/orbslam3//config/stereo-inertial/TUM_IMU/dataset-room4_512.txt
[0.662s] -- Up-to-date symlink: /home/sid/orb_ws/install/orbslam3/share/orbslam3//config/stereo-inertial/TUM_IMU/dataset-room5_512.txt
[0.662s] -- Up-to-date symlink: /home/sid/orb_ws/install/orbslam3/share/orbslam3//config/stereo-inertial/TUM_IMU/dataset-room6_512.txt
[0.662s] -- Up-to-date symlink: /home/sid/orb_ws/install/orbslam3/share/orbslam3//config/stereo-inertial/TUM_IMU/dataset-slides1_512.txt
[0.662s] -- Up-to-date symlink: /home/sid/orb_ws/install/orbslam3/share/orbslam3//config/stereo-inertial/TUM_IMU/dataset-slides2_512.txt
[0.662s] -- Up-to-date symlink: /home/sid/orb_ws/install/orbslam3/share/orbslam3//config/stereo-inertial/TUM_IMU/dataset-slides3_512.txt
[0.663s] -- Up-to-date symlink: /home/sid/orb_ws/install/orbslam3/share/orbslam3//config/stereo-inertial/TUM_TimeStamps/dataset-corridor1_512.txt
[0.663s] -- Up-to-date symlink: /home/sid/orb_ws/install/orbslam3/share/orbslam3//config/stereo-inertial/TUM_TimeStamps/dataset-corridor2_1024.txt
[0.663s] -- Up-to-date symlink: /home/sid/orb_ws/install/orbslam3/share/orbslam3//config/stereo-inertial/TUM_TimeStamps/dataset-corridor2_512.txt
[0.663s] -- Up-to-date symlink: /home/sid/orb_ws/install/orbslam3/share/orbslam3//config/stereo-inertial/TUM_TimeStamps/dataset-corridor3_512.txt
[0.663s] -- Up-to-date symlink: /home/sid/orb_ws/install/orbslam3/share/orbslam3//config/stereo-inertial/TUM_TimeStamps/dataset-corridor4_512.txt
[0.663s] -- Up-to-date symlink: /home/sid/orb_ws/install/orbslam3/share/orbslam3//config/stereo-inertial/TUM_TimeStamps/dataset-corridor5_512.txt
[0.663s] -- Up-to-date symlink: /home/sid/orb_ws/install/orbslam3/share/orbslam3//config/stereo-inertial/TUM_TimeStamps/dataset-magistrale1_512.txt
[0.663s] -- Up-to-date symlink: /home/sid/orb_ws/install/orbslam3/share/orbslam3//config/stereo-inertial/TUM_TimeStamps/dataset-magistrale2_512.txt
[0.663s] -- Up-to-date symlink: /home/sid/orb_ws/install/orbslam3/share/orbslam3//config/stereo-inertial/TUM_TimeStamps/dataset-magistrale3_512.txt
[0.663s] -- Up-to-date symlink: /home/sid/orb_ws/install/orbslam3/share/orbslam3//config/stereo-inertial/TUM_TimeStamps/dataset-magistrale4_512.txt
[0.663s] -- Up-to-date symlink: /home/sid/orb_ws/install/orbslam3/share/orbslam3//config/stereo-inertial/TUM_TimeStamps/dataset-magistrale5_512.txt
[0.663s] -- Up-to-date symlink: /home/sid/orb_ws/install/orbslam3/share/orbslam3//config/stereo-inertial/TUM_TimeStamps/dataset-magistrale6_512.txt
[0.664s] -- Up-to-date symlink: /home/sid/orb_ws/install/orbslam3/share/orbslam3//config/stereo-inertial/TUM_TimeStamps/dataset-outdoors1_512.txt
[0.664s] -- Up-to-date symlink: /home/sid/orb_ws/install/orbslam3/share/orbslam3//config/stereo-inertial/TUM_TimeStamps/dataset-outdoors2_512.txt
[0.664s] -- Up-to-date symlink: /home/sid/orb_ws/install/orbslam3/share/orbslam3//config/stereo-inertial/TUM_TimeStamps/dataset-outdoors3_512.txt
[0.664s] -- Up-to-date symlink: /home/sid/orb_ws/install/orbslam3/share/orbslam3//config/stereo-inertial/TUM_TimeStamps/dataset-outdoors4_512.txt
[0.664s] -- Up-to-date symlink: /home/sid/orb_ws/install/orbslam3/share/orbslam3//config/stereo-inertial/TUM_TimeStamps/dataset-outdoors5_512.txt
[0.664s] -- Up-to-date symlink: /home/sid/orb_ws/install/orbslam3/share/orbslam3//config/stereo-inertial/TUM_TimeStamps/dataset-outdoors6_512.txt
[0.664s] -- Up-to-date symlink: /home/sid/orb_ws/install/orbslam3/share/orbslam3//config/stereo-inertial/TUM_TimeStamps/dataset-outdoors7_512.txt
[0.664s] -- Up-to-date symlink: /home/sid/orb_ws/install/orbslam3/share/orbslam3//config/stereo-inertial/TUM_TimeStamps/dataset-outdoors8_512.txt
[0.664s] -- Up-to-date symlink: /home/sid/orb_ws/install/orbslam3/share/orbslam3//config/stereo-inertial/TUM_TimeStamps/dataset-room1_512.txt
[0.664s] -- Up-to-date symlink: /home/sid/orb_ws/install/orbslam3/share/orbslam3//config/stereo-inertial/TUM_TimeStamps/dataset-room2_512.txt
[0.664s] -- Up-to-date symlink: /home/sid/orb_ws/install/orbslam3/share/orbslam3//config/stereo-inertial/TUM_TimeStamps/dataset-room3_512.txt
[0.664s] -- Up-to-date symlink: /home/sid/orb_ws/install/orbslam3/share/orbslam3//config/stereo-inertial/TUM_TimeStamps/dataset-room4_512.txt
[0.664s] -- Up-to-date symlink: /home/sid/orb_ws/install/orbslam3/share/orbslam3//config/stereo-inertial/TUM_TimeStamps/dataset-room5_512.txt
[0.664s] -- Up-to-date symlink: /home/sid/orb_ws/install/orbslam3/share/orbslam3//config/stereo-inertial/TUM_TimeStamps/dataset-room6_512.txt
[0.665s] -- Up-to-date symlink: /home/sid/orb_ws/install/orbslam3/share/orbslam3//config/stereo-inertial/TUM_TimeStamps/dataset-slides1_512.txt
[0.665s] -- Up-to-date symlink: /home/sid/orb_ws/install/orbslam3/share/orbslam3//config/stereo-inertial/TUM_TimeStamps/dataset-slides2_512.txt
[0.665s] -- Up-to-date symlink: /home/sid/orb_ws/install/orbslam3/share/orbslam3//config/stereo-inertial/TUM_TimeStamps/dataset-slides3_512.txt
[0.665s] -- Up-to-date symlink: /home/sid/orb_ws/install/orbslam3/share/orbslam3//config/stereo/EuRoC.yaml
[0.665s] -- Up-to-date symlink: /home/sid/orb_ws/install/orbslam3/share/orbslam3//config/stereo/EuRoC_TimeStamps/MH01.txt
[0.665s] -- Up-to-date symlink: /home/sid/orb_ws/install/orbslam3/share/orbslam3//config/stereo/EuRoC_TimeStamps/MH02.txt
[0.665s] -- Up-to-date symlink: /home/sid/orb_ws/install/orbslam3/share/orbslam3//config/stereo/EuRoC_TimeStamps/MH03.txt
[0.665s] -- Up-to-date symlink: /home/sid/orb_ws/install/orbslam3/share/orbslam3//config/stereo/EuRoC_TimeStamps/MH04.txt
[0.665s] -- Up-to-date symlink: /home/sid/orb_ws/install/orbslam3/share/orbslam3//config/stereo/EuRoC_TimeStamps/MH05.txt
[0.665s] -- Up-to-date symlink: /home/sid/orb_ws/install/orbslam3/share/orbslam3//config/stereo/EuRoC_TimeStamps/V101.txt
[0.666s] -- Up-to-date symlink: /home/sid/orb_ws/install/orbslam3/share/orbslam3//config/stereo/EuRoC_TimeStamps/V102.txt
[0.666s] -- Up-to-date symlink: /home/sid/orb_ws/install/orbslam3/share/orbslam3//config/stereo/EuRoC_TimeStamps/V103.txt
[0.666s] -- Up-to-date symlink: /home/sid/orb_ws/install/orbslam3/share/orbslam3//config/stereo/EuRoC_TimeStamps/V201.txt
[0.666s] -- Up-to-date symlink: /home/sid/orb_ws/install/orbslam3/share/orbslam3//config/stereo/EuRoC_TimeStamps/V202.txt
[0.666s] -- Up-to-date symlink: /home/sid/orb_ws/install/orbslam3/share/orbslam3//config/stereo/EuRoC_TimeStamps/V203.txt
[0.666s] -- Up-to-date symlink: /home/sid/orb_ws/install/orbslam3/share/orbslam3//config/stereo/KITTI00-02.yaml
[0.666s] -- Up-to-date symlink: /home/sid/orb_ws/install/orbslam3/share/orbslam3//config/stereo/KITTI03.yaml
[0.666s] -- Up-to-date symlink: /home/sid/orb_ws/install/orbslam3/share/orbslam3//config/stereo/KITTI04-12.yaml
[0.666s] -- Up-to-date symlink: /home/sid/orb_ws/install/orbslam3/share/orbslam3//config/stereo/MultiSession/EuRoC_MH01.yaml
[0.666s] -- Up-to-date symlink: /home/sid/orb_ws/install/orbslam3/share/orbslam3//config/stereo/MultiSession/EuRoC_MH02.yaml
[0.666s] -- Up-to-date symlink: /home/sid/orb_ws/install/orbslam3/share/orbslam3//config/stereo/MultiSession/EuRoC_MH03.yaml
[0.666s] -- Up-to-date symlink: /home/sid/orb_ws/install/orbslam3/share/orbslam3//config/stereo/MultiSession/EuRoC_MH04.yaml
[0.666s] -- Up-to-date symlink: /home/sid/orb_ws/install/orbslam3/share/orbslam3//config/stereo/MultiSession/EuRoC_MH05.yaml
[0.666s] -- Up-to-date symlink: /home/sid/orb_ws/install/orbslam3/share/orbslam3//config/stereo/MultiSession/EuRoC_V101.yaml
[0.667s] -- Up-to-date symlink: /home/sid/orb_ws/install/orbslam3/share/orbslam3//config/stereo/MultiSession/EuRoC_V102.yaml
[0.667s] -- Up-to-date symlink: /home/sid/orb_ws/install/orbslam3/share/orbslam3//config/stereo/MultiSession/EuRoC_V103.yaml
[0.667s] -- Up-to-date symlink: /home/sid/orb_ws/install/orbslam3/share/orbslam3//config/stereo/MultiSession/EuRoC_V201.yaml
[0.667s] -- Up-to-date symlink: /home/sid/orb_ws/install/orbslam3/share/orbslam3//config/stereo/MultiSession/EuRoC_V202.yaml
[0.667s] -- Up-to-date symlink: /home/sid/orb_ws/install/orbslam3/share/orbslam3//config/stereo/MultiSession/EuRoC_V203.yaml
[0.667s] -- Up-to-date symlink: /home/sid/orb_ws/install/orbslam3/share/orbslam3//config/stereo/RealSense_D435i.yaml
[0.667s] -- Up-to-date symlink: /home/sid/orb_ws/install/orbslam3/share/orbslam3//config/stereo/RealSense_T265.yaml
[0.667s] -- Up-to-date symlink: /home/sid/orb_ws/install/orbslam3/share/orbslam3//config/stereo/TUM-VI.yaml
[0.667s] -- Up-to-date symlink: /home/sid/orb_ws/install/orbslam3/share/orbslam3//config/stereo/TUM_TimeStamps/dataset-corridor1_512.txt
[0.667s] -- Up-to-date symlink: /home/sid/orb_ws/install/orbslam3/share/orbslam3//config/stereo/TUM_TimeStamps/dataset-corridor2_1024.txt
[0.667s] -- Up-to-date symlink: /home/sid/orb_ws/install/orbslam3/share/orbslam3//config/stereo/TUM_TimeStamps/dataset-corridor2_512.txt
[0.667s] -- Up-to-date symlink: /home/sid/orb_ws/install/orbslam3/share/orbslam3//config/stereo/TUM_TimeStamps/dataset-corridor3_512.txt
[0.667s] -- Up-to-date symlink: /home/sid/orb_ws/install/orbslam3/share/orbslam3//config/stereo/TUM_TimeStamps/dataset-corridor4_512.txt
[0.667s] -- Up-to-date symlink: /home/sid/orb_ws/install/orbslam3/share/orbslam3//config/stereo/TUM_TimeStamps/dataset-corridor5_512.txt
[0.667s] -- Up-to-date symlink: /home/sid/orb_ws/install/orbslam3/share/orbslam3//config/stereo/TUM_TimeStamps/dataset-magistrale1_512.txt
[0.668s] -- Up-to-date symlink: /home/sid/orb_ws/install/orbslam3/share/orbslam3//config/stereo/TUM_TimeStamps/dataset-magistrale2_512.txt
[0.668s] -- Up-to-date symlink: /home/sid/orb_ws/install/orbslam3/share/orbslam3//config/stereo/TUM_TimeStamps/dataset-magistrale3_512.txt
[0.668s] -- Up-to-date symlink: /home/sid/orb_ws/install/orbslam3/share/orbslam3//config/stereo/TUM_TimeStamps/dataset-magistrale4_512.txt
[0.668s] -- Up-to-date symlink: /home/sid/orb_ws/install/orbslam3/share/orbslam3//config/stereo/TUM_TimeStamps/dataset-magistrale5_512.txt
[0.668s] -- Up-to-date symlink: /home/sid/orb_ws/install/orbslam3/share/orbslam3//config/stereo/TUM_TimeStamps/dataset-magistrale6_512.txt
[0.668s] -- Up-to-date symlink: /home/sid/orb_ws/install/orbslam3/share/orbslam3//config/stereo/TUM_TimeStamps/dataset-outdoors1_512.txt
[0.668s] -- Up-to-date symlink: /home/sid/orb_ws/install/orbslam3/share/orbslam3//config/stereo/TUM_TimeStamps/dataset-outdoors2_512.txt
[0.668s] -- Up-to-date symlink: /home/sid/orb_ws/install/orbslam3/share/orbslam3//config/stereo/TUM_TimeStamps/dataset-outdoors3_512.txt
[0.668s] -- Up-to-date symlink: /home/sid/orb_ws/install/orbslam3/share/orbslam3//config/stereo/TUM_TimeStamps/dataset-outdoors4_512.txt
[0.668s] -- Up-to-date symlink: /home/sid/orb_ws/install/orbslam3/share/orbslam3//config/stereo/TUM_TimeStamps/dataset-outdoors5_512.txt
[0.669s] -- Up-to-date symlink: /home/sid/orb_ws/install/orbslam3/share/orbslam3//config/stereo/TUM_TimeStamps/dataset-outdoors6_512.txt
[0.669s] -- Up-to-date symlink: /home/sid/orb_ws/install/orbslam3/share/orbslam3//config/stereo/TUM_TimeStamps/dataset-outdoors7_512.txt
[0.669s] -- Up-to-date symlink: /home/sid/orb_ws/install/orbslam3/share/orbslam3//config/stereo/TUM_TimeStamps/dataset-outdoors8_512.txt
[0.669s] -- Up-to-date symlink: /home/sid/orb_ws/install/orbslam3/share/orbslam3//config/stereo/TUM_TimeStamps/dataset-room1_512.txt
[0.669s] -- Up-to-date symlink: /home/sid/orb_ws/install/orbslam3/share/orbslam3//config/stereo/TUM_TimeStamps/dataset-room2_512.txt
[0.669s] -- Up-to-date symlink: /home/sid/orb_ws/install/orbslam3/share/orbslam3//config/stereo/TUM_TimeStamps/dataset-room3_512.txt
[0.669s] -- Up-to-date symlink: /home/sid/orb_ws/install/orbslam3/share/orbslam3//config/stereo/TUM_TimeStamps/dataset-room4_512.txt
[0.669s] -- Up-to-date symlink: /home/sid/orb_ws/install/orbslam3/share/orbslam3//config/stereo/TUM_TimeStamps/dataset-room5_512.txt
[0.669s] -- Up-to-date symlink: /home/sid/orb_ws/install/orbslam3/share/orbslam3//config/stereo/TUM_TimeStamps/dataset-room6_512.txt
[0.669s] -- Up-to-date symlink: /home/sid/orb_ws/install/orbslam3/share/orbslam3//config/stereo/TUM_TimeStamps/dataset-slides1_512.txt
[0.669s] -- Up-to-date symlink: /home/sid/orb_ws/install/orbslam3/share/orbslam3//config/stereo/TUM_TimeStamps/dataset-slides2_512.txt
[0.669s] -- Up-to-date symlink: /home/sid/orb_ws/install/orbslam3/share/orbslam3//config/stereo/TUM_TimeStamps/dataset-slides3_512.txt
[0.670s] -- Up-to-date symlink: /home/sid/orb_ws/install/orbslam3/share/orbslam3//vocabulary/ORBvoc.txt.tar.gz
[0.670s] -- Up-to-date symlink: /home/sid/orb_ws/install/orbslam3/share/ament_index/resource_index/package_run_dependencies/orbslam3
[0.670s] -- Up-to-date symlink: /home/sid/orb_ws/install/orbslam3/share/ament_index/resource_index/parent_prefix_path/orbslam3
[0.671s] -- Up-to-date symlink: /home/sid/orb_ws/install/orbslam3/share/orbslam3/environment/ament_prefix_path.sh
[0.671s] -- Up-to-date symlink: /home/sid/orb_ws/install/orbslam3/share/orbslam3/environment/ament_prefix_path.dsv
[0.671s] -- Up-to-date symlink: /home/sid/orb_ws/install/orbslam3/share/orbslam3/environment/path.sh
[0.671s] -- Up-to-date symlink: /home/sid/orb_ws/install/orbslam3/share/orbslam3/environment/path.dsv
[0.671s] -- Up-to-date symlink: /home/sid/orb_ws/install/orbslam3/share/orbslam3/local_setup.bash
[0.671s] -- Up-to-date symlink: /home/sid/orb_ws/install/orbslam3/share/orbslam3/local_setup.sh
[0.671s] -- Up-to-date symlink: /home/sid/orb_ws/install/orbslam3/share/orbslam3/local_setup.zsh
[0.671s] -- Up-to-date symlink: /home/sid/orb_ws/install/orbslam3/share/orbslam3/local_setup.dsv
[0.671s] -- Symlinking: /home/sid/orb_ws/install/orbslam3/share/orbslam3/package.dsv
[0.678s] -- Up-to-date symlink: /home/sid/orb_ws/install/orbslam3/share/ament_index/resource_index/packages/orbslam3
[0.679s] -- Up-to-date symlink: /home/sid/orb_ws/install/orbslam3/share/orbslam3/cmake/orbslam3Config.cmake
[0.679s] -- Up-to-date symlink: /home/sid/orb_ws/install/orbslam3/share/orbslam3/cmake/orbslam3Config-version.cmake
[0.679s] -- Up-to-date symlink: /home/sid/orb_ws/install/orbslam3/share/orbslam3/package.xml
[0.680s] Invoked command in '/home/sid/orb_ws/build/orbslam3' returned '0': CMAKE_PREFIX_PATH=/opt/ros/humble /usr/bin/cmake --install /home/sid/orb_ws/build/orbslam3
