[0.008s] Invoking command in '/home/sid/orb_ws/build/orbslam3': CMAKE_PREFIX_PATH=${CMAKE_PREFIX_PATH}:/opt/ros/humble /usr/bin/cmake /home/sid/orb_ws/src/orbslam3 -DAMENT_CMAKE_SYMLINK_INSTALL=1 -DCMAKE_INSTALL_PREFIX=/home/sid/orb_ws/install/orbslam3
[0.018s] -- Found ament_cmake: 1.3.12 (/opt/ros/humble/share/ament_cmake/cmake)
[0.093s] -- Override CMake install command with custom implementation using symlinks instead of copying resources
[0.097s] -- Found rclcpp: 16.0.14 (/opt/ros/humble/share/rclcpp/cmake)
[0.113s] -- Found rosidl_generator_c: 3.1.7 (/opt/ros/humble/share/rosidl_generator_c/cmake)
[0.114s] -- Found rosidl_adapter: 3.1.7 (/opt/ros/humble/share/rosidl_adapter/cmake)
[0.117s] -- Found rosidl_generator_cpp: 3.1.7 (/opt/ros/humble/share/rosidl_generator_cpp/cmake)
[0.122s] -- Using all available rosidl_typesupport_c: rosidl_typesupport_fastrtps_c;rosidl_typesupport_introspection_c
[0.128s] -- Using all available rosidl_typesupport_cpp: rosidl_typesupport_fastrtps_cpp;rosidl_typesupport_introspection_cpp
[0.145s] -- Found rmw_implementation_cmake: 6.1.2 (/opt/ros/humble/share/rmw_implementation_cmake/cmake)
[0.146s] -- Found rmw_fastrtps_cpp: 6.2.8 (/opt/ros/humble/share/rmw_fastrtps_cpp/cmake)
[0.212s] -- Using RMW implementation 'rmw_fastrtps_cpp' as default
[0.242s] -- Found sensor_msgs: 4.9.0 (/opt/ros/humble/share/sensor_msgs/cmake)
[0.256s] -- Found cv_bridge: 3.2.1 (/opt/ros/humble/share/cv_bridge/cmake)
[0.259s] -- Found message_filters: 4.3.8 (/opt/ros/humble/share/message_filters/cmake)
[0.306s] -- Configuring done
[0.320s] -- Generating done
[0.325s] -- Build files have been written to: /home/sid/orb_ws/build/orbslam3
[0.331s] Invoked command in '/home/sid/orb_ws/build/orbslam3' returned '0': CMAKE_PREFIX_PATH=${CMAKE_PREFIX_PATH}:/opt/ros/humble /usr/bin/cmake /home/sid/orb_ws/src/orbslam3 -DAMENT_CMAKE_SYMLINK_INSTALL=1 -DCMAKE_INSTALL_PREFIX=/home/sid/orb_ws/install/orbslam3
[0.332s] Invoking command in '/home/sid/orb_ws/build/orbslam3': CMAKE_PREFIX_PATH=${CMAKE_PREFIX_PATH}:/opt/ros/humble /usr/bin/cmake --build /home/sid/orb_ws/build/orbslam3 -- -j20 -l20
[0.366s] [35m[1mConsolidate compiler generated dependencies of target stereo-inertial[0m
[0.367s] [35m[1mConsolidate compiler generated dependencies of target stereo[0m
[0.367s] [35m[1mConsolidate compiler generated dependencies of target rgbd[0m
[0.368s] [35m[1mConsolidate compiler generated dependencies of target mono[0m
[0.389s] [ 25%] Built target stereo
[0.389s] [ 66%] Built target stereo-inertial
[0.389s] [ 75%] Built target mono
[0.389s] [100%] Built target rgbd
[0.399s] Invoked command in '/home/sid/orb_ws/build/orbslam3' returned '0': CMAKE_PREFIX_PATH=${CMAKE_PREFIX_PATH}:/opt/ros/humble /usr/bin/cmake --build /home/sid/orb_ws/build/orbslam3 -- -j20 -l20
[0.406s] Invoking command in '/home/sid/orb_ws/build/orbslam3': CMAKE_PREFIX_PATH=${CMAKE_PREFIX_PATH}:/opt/ros/humble /usr/bin/cmake --install /home/sid/orb_ws/build/orbslam3
[0.410s] -- Install configuration: ""
[0.410s] -- Execute custom install script
[0.411s] -- Up-to-date symlink: /home/sid/orb_ws/install/orbslam3/lib/orbslam3/mono
[0.411s] -- Up-to-date symlink: /home/sid/orb_ws/install/orbslam3/lib/orbslam3/rgbd
[0.411s] -- Up-to-date symlink: /home/sid/orb_ws/install/orbslam3/lib/orbslam3/stereo
[0.411s] -- Up-to-date symlink: /home/sid/orb_ws/install/orbslam3/lib/orbslam3/stereo-inertial
[0.411s] -- Up-to-date symlink: /home/sid/orb_ws/install/orbslam3/share/ament_index/resource_index/package_run_dependencies/orbslam3
[0.411s] -- Up-to-date symlink: /home/sid/orb_ws/install/orbslam3/share/ament_index/resource_index/parent_prefix_path/orbslam3
[0.411s] -- Up-to-date symlink: /home/sid/orb_ws/install/orbslam3/share/orbslam3/environment/ament_prefix_path.sh
[0.411s] -- Up-to-date symlink: /home/sid/orb_ws/install/orbslam3/share/orbslam3/environment/ament_prefix_path.dsv
[0.411s] -- Up-to-date symlink: /home/sid/orb_ws/install/orbslam3/share/orbslam3/environment/path.sh
[0.411s] -- Up-to-date symlink: /home/sid/orb_ws/install/orbslam3/share/orbslam3/environment/path.dsv
[0.411s] -- Up-to-date symlink: /home/sid/orb_ws/install/orbslam3/share/orbslam3/local_setup.bash
[0.411s] -- Up-to-date symlink: /home/sid/orb_ws/install/orbslam3/share/orbslam3/local_setup.sh
[0.411s] -- Up-to-date symlink: /home/sid/orb_ws/install/orbslam3/share/orbslam3/local_setup.zsh
[0.411s] -- Up-to-date symlink: /home/sid/orb_ws/install/orbslam3/share/orbslam3/local_setup.dsv
[0.411s] -- Symlinking: /home/sid/orb_ws/install/orbslam3/share/orbslam3/package.dsv
[0.419s] -- Up-to-date symlink: /home/sid/orb_ws/install/orbslam3/share/ament_index/resource_index/packages/orbslam3
[0.419s] -- Up-to-date symlink: /home/sid/orb_ws/install/orbslam3/share/orbslam3/cmake/orbslam3Config.cmake
[0.419s] -- Up-to-date symlink: /home/sid/orb_ws/install/orbslam3/share/orbslam3/cmake/orbslam3Config-version.cmake
[0.419s] -- Up-to-date symlink: /home/sid/orb_ws/install/orbslam3/share/orbslam3/package.xml
[0.420s] Invoked command in '/home/sid/orb_ws/build/orbslam3' returned '0': CMAKE_PREFIX_PATH=${CMAKE_PREFIX_PATH}:/opt/ros/humble /usr/bin/cmake --install /home/sid/orb_ws/build/orbslam3
