[0.063s] DEBUG:colcon:Command line arguments: ['/usr/bin/colcon', 'build', '--symlink-install', '--packages-select', 'orbslam3']
[0.063s] DEBUG:colcon:Parsed command line arguments: Namespace(log_base=None, log_level=None, verb_name='build', build_base='build', install_base='install', merge_install=False, symlink_install=True, test_result_base=None, continue_on_error=False, executor='parallel', parallel_workers=20, event_handlers=None, ignore_user_meta=False, metas=['./colcon.meta'], base_paths=['.'], packages_ignore=None, packages_ignore_regex=None, paths=None, packages_up_to=None, packages_up_to_regex=None, packages_above=None, packages_above_and_dependencies=None, packages_above_depth=None, packages_select_by_dep=None, packages_skip_by_dep=None, packages_skip_up_to=None, packages_select_build_failed=False, packages_skip_build_finished=False, packages_select_test_failures=False, packages_skip_test_passed=False, packages_select=['orbslam3'], packages_skip=None, packages_select_regex=None, packages_skip_regex=None, packages_start=None, packages_end=None, allow_overriding=[], cmake_args=None, cmake_target=None, cmake_target_skip_unavailable=False, cmake_clean_cache=False, cmake_clean_first=False, cmake_force_configure=False, ament_cmake_args=None, catkin_cmake_args=None, catkin_skip_building_tests=False, mixin_files=None, mixin=None, verb_parser=<colcon_mixin.mixin.mixin_argument.MixinArgumentDecorator object at 0x70d44b9778e0>, verb_extension=<colcon_core.verb.build.BuildVerb object at 0x70d44b9773a0>, main=<bound method BuildVerb.main of <colcon_core.verb.build.BuildVerb object at 0x70d44b9773a0>>, mixin_verb=('build',))
[0.165s] Level 1:colcon.colcon_core.package_discovery:discover_packages(colcon_meta) check parameters
[0.165s] Level 1:colcon.colcon_core.package_discovery:discover_packages(recursive) check parameters
[0.165s] Level 1:colcon.colcon_core.package_discovery:discover_packages(ignore) check parameters
[0.165s] Level 1:colcon.colcon_core.package_discovery:discover_packages(path) check parameters
[0.165s] Level 1:colcon.colcon_core.package_discovery:discover_packages(colcon_meta) discover
[0.165s] Level 1:colcon.colcon_core.package_discovery:discover_packages(recursive) discover
[0.165s] INFO:colcon.colcon_core.package_discovery:Crawling recursively for packages in '/home/sid/orb_ws'
[0.165s] Level 1:colcon.colcon_core.package_identification:_identify(.) by extensions ['ignore', 'ignore_ament_install']
[0.165s] Level 1:colcon.colcon_core.package_identification:_identify(.) by extension 'ignore'
[0.165s] Level 1:colcon.colcon_core.package_identification:_identify(.) by extension 'ignore_ament_install'
[0.165s] Level 1:colcon.colcon_core.package_identification:_identify(.) by extensions ['colcon_pkg']
[0.165s] Level 1:colcon.colcon_core.package_identification:_identify(.) by extension 'colcon_pkg'
[0.165s] Level 1:colcon.colcon_core.package_identification:_identify(.) by extensions ['colcon_meta']
[0.165s] Level 1:colcon.colcon_core.package_identification:_identify(.) by extension 'colcon_meta'
[0.165s] Level 1:colcon.colcon_core.package_identification:_identify(.) by extensions ['ros']
[0.165s] Level 1:colcon.colcon_core.package_identification:_identify(.) by extension 'ros'
[0.175s] Level 1:colcon.colcon_core.package_identification:_identify(.) by extensions ['cmake', 'python']
[0.175s] Level 1:colcon.colcon_core.package_identification:_identify(.) by extension 'cmake'
[0.175s] Level 1:colcon.colcon_core.package_identification:_identify(.) by extension 'python'
[0.175s] Level 1:colcon.colcon_core.package_identification:_identify(.) by extensions ['python_setup_py']
[0.175s] Level 1:colcon.colcon_core.package_identification:_identify(.) by extension 'python_setup_py'
[0.175s] Level 1:colcon.colcon_core.package_identification:_identify(build) by extensions ['ignore', 'ignore_ament_install']
[0.175s] Level 1:colcon.colcon_core.package_identification:_identify(build) by extension 'ignore'
[0.175s] Level 1:colcon.colcon_core.package_identification:_identify(build) ignored
[0.175s] Level 1:colcon.colcon_core.package_identification:_identify(install) by extensions ['ignore', 'ignore_ament_install']
[0.175s] Level 1:colcon.colcon_core.package_identification:_identify(install) by extension 'ignore'
[0.175s] Level 1:colcon.colcon_core.package_identification:_identify(install) ignored
[0.175s] Level 1:colcon.colcon_core.package_identification:_identify(log) by extensions ['ignore', 'ignore_ament_install']
[0.175s] Level 1:colcon.colcon_core.package_identification:_identify(log) by extension 'ignore'
[0.175s] Level 1:colcon.colcon_core.package_identification:_identify(log) ignored
[0.175s] Level 1:colcon.colcon_core.package_identification:_identify(src) by extensions ['ignore', 'ignore_ament_install']
[0.175s] Level 1:colcon.colcon_core.package_identification:_identify(src) by extension 'ignore'
[0.175s] Level 1:colcon.colcon_core.package_identification:_identify(src) by extension 'ignore_ament_install'
[0.175s] Level 1:colcon.colcon_core.package_identification:_identify(src) by extensions ['colcon_pkg']
[0.175s] Level 1:colcon.colcon_core.package_identification:_identify(src) by extension 'colcon_pkg'
[0.175s] Level 1:colcon.colcon_core.package_identification:_identify(src) by extensions ['colcon_meta']
[0.175s] Level 1:colcon.colcon_core.package_identification:_identify(src) by extension 'colcon_meta'
[0.175s] Level 1:colcon.colcon_core.package_identification:_identify(src) by extensions ['ros']
[0.175s] Level 1:colcon.colcon_core.package_identification:_identify(src) by extension 'ros'
[0.175s] Level 1:colcon.colcon_core.package_identification:_identify(src) by extensions ['cmake', 'python']
[0.175s] Level 1:colcon.colcon_core.package_identification:_identify(src) by extension 'cmake'
[0.175s] Level 1:colcon.colcon_core.package_identification:_identify(src) by extension 'python'
[0.175s] Level 1:colcon.colcon_core.package_identification:_identify(src) by extensions ['python_setup_py']
[0.175s] Level 1:colcon.colcon_core.package_identification:_identify(src) by extension 'python_setup_py'
[0.176s] Level 1:colcon.colcon_core.package_identification:_identify(src/orbslam3) by extensions ['ignore', 'ignore_ament_install']
[0.176s] Level 1:colcon.colcon_core.package_identification:_identify(src/orbslam3) by extension 'ignore'
[0.176s] Level 1:colcon.colcon_core.package_identification:_identify(src/orbslam3) by extension 'ignore_ament_install'
[0.176s] Level 1:colcon.colcon_core.package_identification:_identify(src/orbslam3) by extensions ['colcon_pkg']
[0.176s] Level 1:colcon.colcon_core.package_identification:_identify(src/orbslam3) by extension 'colcon_pkg'
[0.176s] Level 1:colcon.colcon_core.package_identification:_identify(src/orbslam3) by extensions ['colcon_meta']
[0.176s] Level 1:colcon.colcon_core.package_identification:_identify(src/orbslam3) by extension 'colcon_meta'
[0.176s] Level 1:colcon.colcon_core.package_identification:_identify(src/orbslam3) by extensions ['ros']
[0.176s] Level 1:colcon.colcon_core.package_identification:_identify(src/orbslam3) by extension 'ros'
[0.177s] DEBUG:colcon.colcon_core.package_identification:Package 'src/orbslam3' with type 'ros.ament_cmake' and name 'orbslam3'
[0.177s] Level 1:colcon.colcon_core.package_discovery:discover_packages(recursive) using defaults
[0.177s] Level 1:colcon.colcon_core.package_discovery:discover_packages(ignore) discover
[0.177s] Level 1:colcon.colcon_core.package_discovery:discover_packages(ignore) using defaults
[0.177s] Level 1:colcon.colcon_core.package_discovery:discover_packages(path) discover
[0.177s] Level 1:colcon.colcon_core.package_discovery:discover_packages(path) using defaults
[0.188s] Level 1:colcon.colcon_core.package_discovery:discover_packages(prefix_path) check parameters
[0.188s] Level 1:colcon.colcon_core.package_discovery:discover_packages(prefix_path) discover
[0.191s] DEBUG:colcon.colcon_installed_package_information.package_discovery:Found 316 installed packages in /opt/ros/humble
[0.192s] Level 1:colcon.colcon_core.package_discovery:discover_packages(prefix_path) using defaults
[0.211s] Level 5:colcon.colcon_core.verb:set package 'orbslam3' build argument 'cmake_args' from command line to 'None'
[0.211s] Level 5:colcon.colcon_core.verb:set package 'orbslam3' build argument 'cmake_target' from command line to 'None'
[0.211s] Level 5:colcon.colcon_core.verb:set package 'orbslam3' build argument 'cmake_target_skip_unavailable' from command line to 'False'
[0.211s] Level 5:colcon.colcon_core.verb:set package 'orbslam3' build argument 'cmake_clean_cache' from command line to 'False'
[0.211s] Level 5:colcon.colcon_core.verb:set package 'orbslam3' build argument 'cmake_clean_first' from command line to 'False'
[0.211s] Level 5:colcon.colcon_core.verb:set package 'orbslam3' build argument 'cmake_force_configure' from command line to 'False'
[0.211s] Level 5:colcon.colcon_core.verb:set package 'orbslam3' build argument 'ament_cmake_args' from command line to 'None'
[0.211s] Level 5:colcon.colcon_core.verb:set package 'orbslam3' build argument 'catkin_cmake_args' from command line to 'None'
[0.211s] Level 5:colcon.colcon_core.verb:set package 'orbslam3' build argument 'catkin_skip_building_tests' from command line to 'False'
[0.211s] DEBUG:colcon.colcon_core.verb:Building package 'orbslam3' with the following arguments: {'ament_cmake_args': None, 'build_base': '/home/sid/orb_ws/build/orbslam3', 'catkin_cmake_args': None, 'catkin_skip_building_tests': False, 'cmake_args': None, 'cmake_clean_cache': False, 'cmake_clean_first': False, 'cmake_force_configure': False, 'cmake_target': None, 'cmake_target_skip_unavailable': False, 'install_base': '/home/sid/orb_ws/install/orbslam3', 'merge_install': False, 'path': '/home/sid/orb_ws/src/orbslam3', 'symlink_install': True, 'test_result_base': None}
[0.211s] INFO:colcon.colcon_core.executor:Executing jobs using 'parallel' executor
[0.212s] DEBUG:colcon.colcon_parallel_executor.executor.parallel:run_until_complete
[0.212s] INFO:colcon.colcon_ros.task.ament_cmake.build:Building ROS package in '/home/sid/orb_ws/src/orbslam3' with build type 'ament_cmake'
[0.212s] INFO:colcon.colcon_cmake.task.cmake.build:Building CMake package in '/home/sid/orb_ws/src/orbslam3'
[0.214s] INFO:colcon.colcon_core.plugin_system:Skipping extension 'colcon_core.shell.bat': Not used on non-Windows systems
[0.214s] INFO:colcon.colcon_core.shell:Skip shell extension 'powershell' for command environment: Not usable outside of PowerShell
[0.214s] DEBUG:colcon.colcon_core.shell:Skip shell extension 'dsv' for command environment
[0.219s] DEBUG:colcon.colcon_core.event_handler.log_command:Invoking command in '/home/sid/orb_ws/build/orbslam3': CMAKE_PREFIX_PATH=/opt/ros/humble /usr/bin/cmake --build /home/sid/orb_ws/build/orbslam3 -- -j20 -l20
[62.330s] DEBUG:colcon.colcon_core.event_handler.log_command:Invoked command in '/home/sid/orb_ws/build/orbslam3' returned '0': CMAKE_PREFIX_PATH=/opt/ros/humble /usr/bin/cmake --build /home/sid/orb_ws/build/orbslam3 -- -j20 -l20
[62.342s] DEBUG:colcon.colcon_core.event_handler.log_command:Invoking command in '/home/sid/orb_ws/build/orbslam3': CMAKE_PREFIX_PATH=/opt/ros/humble /usr/bin/cmake --install /home/sid/orb_ws/build/orbslam3
[62.498s] Level 1:colcon.colcon_core.environment:create_environment_scripts_only(orbslam3)
[62.498s] DEBUG:colcon.colcon_core.event_handler.log_command:Invoked command in '/home/sid/orb_ws/build/orbslam3' returned '0': CMAKE_PREFIX_PATH=/opt/ros/humble /usr/bin/cmake --install /home/sid/orb_ws/build/orbslam3
[62.512s] Level 1:colcon.colcon_core.environment:checking '/home/sid/orb_ws/install/orbslam3' for CMake module files
[62.512s] Level 1:colcon.colcon_core.environment:checking '/home/sid/orb_ws/install/orbslam3' for CMake config files
[62.513s] Level 1:colcon.colcon_core.shell:create_environment_hook('orbslam3', 'cmake_prefix_path')
[62.513s] INFO:colcon.colcon_core.shell:Creating environment hook '/home/sid/orb_ws/install/orbslam3/share/orbslam3/hook/cmake_prefix_path.ps1'
[62.515s] INFO:colcon.colcon_core.shell:Creating environment descriptor '/home/sid/orb_ws/install/orbslam3/share/orbslam3/hook/cmake_prefix_path.dsv'
[62.516s] INFO:colcon.colcon_core.shell:Creating environment hook '/home/sid/orb_ws/install/orbslam3/share/orbslam3/hook/cmake_prefix_path.sh'
[62.517s] Level 1:colcon.colcon_core.environment:checking '/home/sid/orb_ws/install/orbslam3/lib'
[62.518s] Level 1:colcon.colcon_core.environment:checking '/home/sid/orb_ws/install/orbslam3/bin'
[62.518s] Level 1:colcon.colcon_core.environment:checking '/home/sid/orb_ws/install/orbslam3/lib/pkgconfig/orbslam3.pc'
[62.518s] Level 1:colcon.colcon_core.environment:checking '/home/sid/orb_ws/install/orbslam3/lib/python3.10/site-packages'
[62.519s] Level 1:colcon.colcon_core.environment:checking '/home/sid/orb_ws/install/orbslam3/bin'
[62.519s] INFO:colcon.colcon_core.shell:Creating package script '/home/sid/orb_ws/install/orbslam3/share/orbslam3/package.ps1'
[62.520s] INFO:colcon.colcon_core.shell:Creating package descriptor '/home/sid/orb_ws/install/orbslam3/share/orbslam3/package.dsv'
[62.521s] INFO:colcon.colcon_core.shell:Creating package script '/home/sid/orb_ws/install/orbslam3/share/orbslam3/package.sh'
[62.522s] INFO:colcon.colcon_core.shell:Creating package script '/home/sid/orb_ws/install/orbslam3/share/orbslam3/package.bash'
[62.523s] INFO:colcon.colcon_core.shell:Creating package script '/home/sid/orb_ws/install/orbslam3/share/orbslam3/package.zsh'
[62.524s] Level 1:colcon.colcon_core.environment:create_file_with_runtime_dependencies(/home/sid/orb_ws/install/orbslam3/share/colcon-core/packages/orbslam3)
[62.525s] Level 1:colcon.colcon_core.environment:create_environment_scripts_only(orbslam3)
[62.525s] Level 1:colcon.colcon_core.environment:checking '/home/sid/orb_ws/install/orbslam3' for CMake module files
[62.525s] Level 1:colcon.colcon_core.environment:checking '/home/sid/orb_ws/install/orbslam3' for CMake config files
[62.525s] Level 1:colcon.colcon_core.shell:create_environment_hook('orbslam3', 'cmake_prefix_path')
[62.526s] INFO:colcon.colcon_core.shell:Creating environment hook '/home/sid/orb_ws/install/orbslam3/share/orbslam3/hook/cmake_prefix_path.ps1'
[62.526s] INFO:colcon.colcon_core.shell:Creating environment descriptor '/home/sid/orb_ws/install/orbslam3/share/orbslam3/hook/cmake_prefix_path.dsv'
[62.526s] INFO:colcon.colcon_core.shell:Creating environment hook '/home/sid/orb_ws/install/orbslam3/share/orbslam3/hook/cmake_prefix_path.sh'
[62.526s] Level 1:colcon.colcon_core.environment:checking '/home/sid/orb_ws/install/orbslam3/lib'
[62.526s] Level 1:colcon.colcon_core.environment:checking '/home/sid/orb_ws/install/orbslam3/bin'
[62.527s] Level 1:colcon.colcon_core.environment:checking '/home/sid/orb_ws/install/orbslam3/lib/pkgconfig/orbslam3.pc'
[62.527s] Level 1:colcon.colcon_core.environment:checking '/home/sid/orb_ws/install/orbslam3/lib/python3.10/site-packages'
[62.527s] Level 1:colcon.colcon_core.environment:checking '/home/sid/orb_ws/install/orbslam3/bin'
[62.527s] INFO:colcon.colcon_core.shell:Creating package script '/home/sid/orb_ws/install/orbslam3/share/orbslam3/package.ps1'
[62.527s] INFO:colcon.colcon_core.shell:Creating package descriptor '/home/sid/orb_ws/install/orbslam3/share/orbslam3/package.dsv'
[62.527s] INFO:colcon.colcon_core.shell:Creating package script '/home/sid/orb_ws/install/orbslam3/share/orbslam3/package.sh'
[62.528s] INFO:colcon.colcon_core.shell:Creating package script '/home/sid/orb_ws/install/orbslam3/share/orbslam3/package.bash'
[62.528s] INFO:colcon.colcon_core.shell:Creating package script '/home/sid/orb_ws/install/orbslam3/share/orbslam3/package.zsh'
[62.528s] Level 1:colcon.colcon_core.environment:create_file_with_runtime_dependencies(/home/sid/orb_ws/install/orbslam3/share/colcon-core/packages/orbslam3)
[62.528s] DEBUG:colcon.colcon_parallel_executor.executor.parallel:closing loop
[62.528s] DEBUG:colcon.colcon_parallel_executor.executor.parallel:loop closed
[62.528s] DEBUG:colcon.colcon_parallel_executor.executor.parallel:run_until_complete finished with '0'
[62.529s] DEBUG:colcon.colcon_core.event_reactor:joining thread
[62.593s] INFO:colcon.colcon_core.plugin_system:Skipping extension 'colcon_notification.desktop_notification.terminal_notifier': Not used on non-Darwin systems
[62.593s] INFO:colcon.colcon_core.plugin_system:Skipping extension 'colcon_notification.desktop_notification.win32': Not used on non-Windows systems
[62.594s] INFO:colcon.colcon_notification.desktop_notification:Sending desktop notification using 'notify2'
[62.608s] DEBUG:colcon.colcon_core.event_reactor:joined thread
[62.608s] INFO:colcon.colcon_core.shell:Creating prefix script '/home/sid/orb_ws/install/local_setup.ps1'
[62.610s] INFO:colcon.colcon_core.shell:Creating prefix util module '/home/sid/orb_ws/install/_local_setup_util_ps1.py'
[62.612s] INFO:colcon.colcon_core.shell:Creating prefix chain script '/home/sid/orb_ws/install/setup.ps1'
[62.613s] INFO:colcon.colcon_core.shell:Creating prefix script '/home/sid/orb_ws/install/local_setup.sh'
[62.613s] INFO:colcon.colcon_core.shell:Creating prefix util module '/home/sid/orb_ws/install/_local_setup_util_sh.py'
[62.613s] INFO:colcon.colcon_core.shell:Creating prefix chain script '/home/sid/orb_ws/install/setup.sh'
[62.614s] INFO:colcon.colcon_core.shell:Creating prefix script '/home/sid/orb_ws/install/local_setup.bash'
[62.615s] INFO:colcon.colcon_core.shell:Creating prefix chain script '/home/sid/orb_ws/install/setup.bash'
[62.616s] INFO:colcon.colcon_core.shell:Creating prefix script '/home/sid/orb_ws/install/local_setup.zsh'
[62.616s] INFO:colcon.colcon_core.shell:Creating prefix chain script '/home/sid/orb_ws/install/setup.zsh'
