[0.277s] DEBUG:colcon:Command line arguments: ['/usr/bin/colcon', 'build']
[0.277s] DEBUG:colcon:Parsed command line arguments: Namespace(log_base=None, log_level=None, verb_name='build', build_base='build', install_base='install', merge_install=False, symlink_install=False, test_result_base=None, continue_on_error=False, executor='parallel', parallel_workers=20, event_handlers=None, ignore_user_meta=False, metas=['./colcon.meta'], base_paths=['.'], packages_ignore=None, packages_ignore_regex=None, paths=None, packages_up_to=None, packages_up_to_regex=None, packages_above=None, packages_above_and_dependencies=None, packages_above_depth=None, packages_select_by_dep=None, packages_skip_by_dep=None, packages_skip_up_to=None, packages_select_build_failed=False, packages_skip_build_finished=False, packages_select_test_failures=False, packages_skip_test_passed=False, packages_select=None, packages_skip=None, packages_select_regex=None, packages_skip_regex=None, packages_start=None, packages_end=None, allow_overriding=[], cmake_args=None, cmake_target=None, cmake_target_skip_unavailable=False, cmake_clean_cache=False, cmake_clean_first=False, cmake_force_configure=False, ament_cmake_args=None, catkin_cmake_args=None, catkin_skip_building_tests=False, mixin_files=None, mixin=None, verb_parser=<colcon_mixin.mixin.mixin_argument.MixinArgumentDecorator object at 0x7cd04176fbb0>, verb_extension=<colcon_core.verb.build.BuildVerb object at 0x7cd04176f670>, main=<bound method BuildVerb.main of <colcon_core.verb.build.BuildVerb object at 0x7cd04176f670>>, mixin_verb=('build',))
[0.472s] Level 1:colcon.colcon_core.package_discovery:discover_packages(colcon_meta) check parameters
[0.472s] Level 1:colcon.colcon_core.package_discovery:discover_packages(recursive) check parameters
[0.472s] Level 1:colcon.colcon_core.package_discovery:discover_packages(ignore) check parameters
[0.472s] Level 1:colcon.colcon_core.package_discovery:discover_packages(path) check parameters
[0.472s] Level 1:colcon.colcon_core.package_discovery:discover_packages(colcon_meta) discover
[0.473s] Level 1:colcon.colcon_core.package_discovery:discover_packages(recursive) discover
[0.473s] INFO:colcon.colcon_core.package_discovery:Crawling recursively for packages in '/home/sid/orb_ws'
[0.473s] Level 1:colcon.colcon_core.package_identification:_identify(.) by extensions ['ignore', 'ignore_ament_install']
[0.473s] Level 1:colcon.colcon_core.package_identification:_identify(.) by extension 'ignore'
[0.473s] Level 1:colcon.colcon_core.package_identification:_identify(.) by extension 'ignore_ament_install'
[0.473s] Level 1:colcon.colcon_core.package_identification:_identify(.) by extensions ['colcon_pkg']
[0.473s] Level 1:colcon.colcon_core.package_identification:_identify(.) by extension 'colcon_pkg'
[0.473s] Level 1:colcon.colcon_core.package_identification:_identify(.) by extensions ['colcon_meta']
[0.473s] Level 1:colcon.colcon_core.package_identification:_identify(.) by extension 'colcon_meta'
[0.473s] Level 1:colcon.colcon_core.package_identification:_identify(.) by extensions ['ros']
[0.473s] Level 1:colcon.colcon_core.package_identification:_identify(.) by extension 'ros'
[0.484s] Level 1:colcon.colcon_core.package_identification:_identify(.) by extensions ['cmake', 'python']
[0.484s] Level 1:colcon.colcon_core.package_identification:_identify(.) by extension 'cmake'
[0.484s] Level 1:colcon.colcon_core.package_identification:_identify(.) by extension 'python'
[0.484s] Level 1:colcon.colcon_core.package_identification:_identify(.) by extensions ['python_setup_py']
[0.484s] Level 1:colcon.colcon_core.package_identification:_identify(.) by extension 'python_setup_py'
[0.484s] Level 1:colcon.colcon_core.package_identification:_identify(build) by extensions ['ignore', 'ignore_ament_install']
[0.484s] Level 1:colcon.colcon_core.package_identification:_identify(build) by extension 'ignore'
[0.484s] Level 1:colcon.colcon_core.package_identification:_identify(build) ignored
[0.484s] Level 1:colcon.colcon_core.package_identification:_identify(install) by extensions ['ignore', 'ignore_ament_install']
[0.484s] Level 1:colcon.colcon_core.package_identification:_identify(install) by extension 'ignore'
[0.484s] Level 1:colcon.colcon_core.package_identification:_identify(install) ignored
[0.484s] Level 1:colcon.colcon_core.package_identification:_identify(log) by extensions ['ignore', 'ignore_ament_install']
[0.484s] Level 1:colcon.colcon_core.package_identification:_identify(log) by extension 'ignore'
[0.484s] Level 1:colcon.colcon_core.package_identification:_identify(log) ignored
[0.484s] Level 1:colcon.colcon_core.package_identification:_identify(src) by extensions ['ignore', 'ignore_ament_install']
[0.484s] Level 1:colcon.colcon_core.package_identification:_identify(src) by extension 'ignore'
[0.484s] Level 1:colcon.colcon_core.package_identification:_identify(src) by extension 'ignore_ament_install'
[0.485s] Level 1:colcon.colcon_core.package_identification:_identify(src) by extensions ['colcon_pkg']
[0.485s] Level 1:colcon.colcon_core.package_identification:_identify(src) by extension 'colcon_pkg'
[0.485s] Level 1:colcon.colcon_core.package_identification:_identify(src) by extensions ['colcon_meta']
[0.485s] Level 1:colcon.colcon_core.package_identification:_identify(src) by extension 'colcon_meta'
[0.485s] Level 1:colcon.colcon_core.package_identification:_identify(src) by extensions ['ros']
[0.485s] Level 1:colcon.colcon_core.package_identification:_identify(src) by extension 'ros'
[0.485s] Level 1:colcon.colcon_core.package_identification:_identify(src) by extensions ['cmake', 'python']
[0.485s] Level 1:colcon.colcon_core.package_identification:_identify(src) by extension 'cmake'
[0.485s] Level 1:colcon.colcon_core.package_identification:_identify(src) by extension 'python'
[0.485s] Level 1:colcon.colcon_core.package_identification:_identify(src) by extensions ['python_setup_py']
[0.485s] Level 1:colcon.colcon_core.package_identification:_identify(src) by extension 'python_setup_py'
[0.485s] Level 1:colcon.colcon_core.package_identification:_identify(src/orbslam3) by extensions ['ignore', 'ignore_ament_install']
[0.485s] Level 1:colcon.colcon_core.package_identification:_identify(src/orbslam3) by extension 'ignore'
[0.485s] Level 1:colcon.colcon_core.package_identification:_identify(src/orbslam3) by extension 'ignore_ament_install'
[0.485s] Level 1:colcon.colcon_core.package_identification:_identify(src/orbslam3) by extensions ['colcon_pkg']
[0.485s] Level 1:colcon.colcon_core.package_identification:_identify(src/orbslam3) by extension 'colcon_pkg'
[0.485s] Level 1:colcon.colcon_core.package_identification:_identify(src/orbslam3) by extensions ['colcon_meta']
[0.485s] Level 1:colcon.colcon_core.package_identification:_identify(src/orbslam3) by extension 'colcon_meta'
[0.485s] Level 1:colcon.colcon_core.package_identification:_identify(src/orbslam3) by extensions ['ros']
[0.485s] Level 1:colcon.colcon_core.package_identification:_identify(src/orbslam3) by extension 'ros'
[0.487s] DEBUG:colcon.colcon_core.package_identification:Package 'src/orbslam3' with type 'ros.ament_cmake' and name 'orbslam3'
[0.487s] Level 1:colcon.colcon_core.package_discovery:discover_packages(recursive) using defaults
[0.487s] Level 1:colcon.colcon_core.package_discovery:discover_packages(ignore) discover
[0.487s] Level 1:colcon.colcon_core.package_discovery:discover_packages(ignore) using defaults
[0.487s] Level 1:colcon.colcon_core.package_discovery:discover_packages(path) discover
[0.487s] Level 1:colcon.colcon_core.package_discovery:discover_packages(path) using defaults
[0.504s] Level 1:colcon.colcon_core.package_discovery:discover_packages(prefix_path) check parameters
[0.504s] Level 1:colcon.colcon_core.package_discovery:discover_packages(prefix_path) discover
[0.506s] DEBUG:colcon.colcon_installed_package_information.package_discovery:Found 401 installed packages in /opt/ros/humble
[0.507s] Level 1:colcon.colcon_core.package_discovery:discover_packages(prefix_path) using defaults
[0.530s] Level 5:colcon.colcon_core.verb:set package 'orbslam3' build argument 'cmake_args' from command line to 'None'
[0.530s] Level 5:colcon.colcon_core.verb:set package 'orbslam3' build argument 'cmake_target' from command line to 'None'
[0.530s] Level 5:colcon.colcon_core.verb:set package 'orbslam3' build argument 'cmake_target_skip_unavailable' from command line to 'False'
[0.530s] Level 5:colcon.colcon_core.verb:set package 'orbslam3' build argument 'cmake_clean_cache' from command line to 'False'
[0.531s] Level 5:colcon.colcon_core.verb:set package 'orbslam3' build argument 'cmake_clean_first' from command line to 'False'
[0.531s] Level 5:colcon.colcon_core.verb:set package 'orbslam3' build argument 'cmake_force_configure' from command line to 'False'
[0.531s] Level 5:colcon.colcon_core.verb:set package 'orbslam3' build argument 'ament_cmake_args' from command line to 'None'
[0.531s] Level 5:colcon.colcon_core.verb:set package 'orbslam3' build argument 'catkin_cmake_args' from command line to 'None'
[0.531s] Level 5:colcon.colcon_core.verb:set package 'orbslam3' build argument 'catkin_skip_building_tests' from command line to 'False'
[0.531s] DEBUG:colcon.colcon_core.verb:Building package 'orbslam3' with the following arguments: {'ament_cmake_args': None, 'build_base': '/home/sid/orb_ws/build/orbslam3', 'catkin_cmake_args': None, 'catkin_skip_building_tests': False, 'cmake_args': None, 'cmake_clean_cache': False, 'cmake_clean_first': False, 'cmake_force_configure': False, 'cmake_target': None, 'cmake_target_skip_unavailable': False, 'install_base': '/home/sid/orb_ws/install/orbslam3', 'merge_install': False, 'path': '/home/sid/orb_ws/src/orbslam3', 'symlink_install': False, 'test_result_base': None}
[0.531s] INFO:colcon.colcon_core.executor:Executing jobs using 'parallel' executor
[0.531s] DEBUG:colcon.colcon_parallel_executor.executor.parallel:run_until_complete
[0.531s] INFO:colcon.colcon_ros.task.ament_cmake.build:Building ROS package in '/home/sid/orb_ws/src/orbslam3' with build type 'ament_cmake'
[0.531s] INFO:colcon.colcon_cmake.task.cmake.build:Building CMake package in '/home/sid/orb_ws/src/orbslam3'
[0.534s] INFO:colcon.colcon_core.plugin_system:Skipping extension 'colcon_core.shell.bat': Not used on non-Windows systems
[0.534s] INFO:colcon.colcon_core.shell:Skip shell extension 'powershell' for command environment: Not usable outside of PowerShell
[0.534s] DEBUG:colcon.colcon_core.shell:Skip shell extension 'dsv' for command environment
[0.541s] DEBUG:colcon.colcon_core.event_handler.log_command:Invoking command in '/home/sid/orb_ws/build/orbslam3': CMAKE_PREFIX_PATH=/opt/ros/humble /usr/bin/cmake /home/sid/orb_ws/src/orbslam3 -DCMAKE_INSTALL_PREFIX=/home/sid/orb_ws/install/orbslam3
[1.026s] DEBUG:colcon.colcon_core.event_handler.log_command:Invoked command in '/home/sid/orb_ws/build/orbslam3' returned '0': CMAKE_PREFIX_PATH=/opt/ros/humble /usr/bin/cmake /home/sid/orb_ws/src/orbslam3 -DCMAKE_INSTALL_PREFIX=/home/sid/orb_ws/install/orbslam3
[1.028s] DEBUG:colcon.colcon_core.event_handler.log_command:Invoking command in '/home/sid/orb_ws/build/orbslam3': CMAKE_PREFIX_PATH=/opt/ros/humble /usr/bin/cmake --build /home/sid/orb_ws/build/orbslam3 -- -j20 -l20
[1.151s] DEBUG:colcon.colcon_core.event_handler.log_command:Invoked command in '/home/sid/orb_ws/build/orbslam3' returned '0': CMAKE_PREFIX_PATH=/opt/ros/humble /usr/bin/cmake --build /home/sid/orb_ws/build/orbslam3 -- -j20 -l20
[1.160s] DEBUG:colcon.colcon_core.event_handler.log_command:Invoking command in '/home/sid/orb_ws/build/orbslam3': CMAKE_PREFIX_PATH=/opt/ros/humble /usr/bin/cmake --install /home/sid/orb_ws/build/orbslam3
[1.212s] Level 1:colcon.colcon_core.environment:create_environment_scripts_only(orbslam3)
[1.212s] DEBUG:colcon.colcon_core.event_handler.log_command:Invoked command in '/home/sid/orb_ws/build/orbslam3' returned '0': CMAKE_PREFIX_PATH=/opt/ros/humble /usr/bin/cmake --install /home/sid/orb_ws/build/orbslam3
[1.218s] Level 1:colcon.colcon_core.environment:checking '/home/sid/orb_ws/install/orbslam3' for CMake module files
[1.219s] Level 1:colcon.colcon_core.environment:checking '/home/sid/orb_ws/install/orbslam3' for CMake config files
[1.221s] Level 1:colcon.colcon_core.shell:create_environment_hook('orbslam3', 'cmake_prefix_path')
[1.222s] INFO:colcon.colcon_core.shell:Creating environment hook '/home/sid/orb_ws/install/orbslam3/share/orbslam3/hook/cmake_prefix_path.ps1'
[1.223s] INFO:colcon.colcon_core.shell:Creating environment descriptor '/home/sid/orb_ws/install/orbslam3/share/orbslam3/hook/cmake_prefix_path.dsv'
[1.224s] INFO:colcon.colcon_core.shell:Creating environment hook '/home/sid/orb_ws/install/orbslam3/share/orbslam3/hook/cmake_prefix_path.sh'
[1.225s] Level 1:colcon.colcon_core.environment:checking '/home/sid/orb_ws/install/orbslam3/lib'
[1.225s] Level 1:colcon.colcon_core.environment:checking '/home/sid/orb_ws/install/orbslam3/bin'
[1.225s] Level 1:colcon.colcon_core.environment:checking '/home/sid/orb_ws/install/orbslam3/lib/pkgconfig/orbslam3.pc'
[1.225s] Level 1:colcon.colcon_core.environment:checking '/home/sid/orb_ws/install/orbslam3/lib/python3.10/site-packages'
[1.225s] Level 1:colcon.colcon_core.environment:checking '/home/sid/orb_ws/install/orbslam3/bin'
[1.225s] INFO:colcon.colcon_core.shell:Creating package script '/home/sid/orb_ws/install/orbslam3/share/orbslam3/package.ps1'
[1.226s] INFO:colcon.colcon_core.shell:Creating package descriptor '/home/sid/orb_ws/install/orbslam3/share/orbslam3/package.dsv'
[1.227s] INFO:colcon.colcon_core.shell:Creating package script '/home/sid/orb_ws/install/orbslam3/share/orbslam3/package.sh'
[1.227s] INFO:colcon.colcon_core.shell:Creating package script '/home/sid/orb_ws/install/orbslam3/share/orbslam3/package.bash'
[1.228s] INFO:colcon.colcon_core.shell:Creating package script '/home/sid/orb_ws/install/orbslam3/share/orbslam3/package.zsh'
[1.229s] Level 1:colcon.colcon_core.environment:create_file_with_runtime_dependencies(/home/sid/orb_ws/install/orbslam3/share/colcon-core/packages/orbslam3)
[1.232s] Level 1:colcon.colcon_core.environment:create_environment_scripts_only(orbslam3)
[1.232s] Level 1:colcon.colcon_core.environment:checking '/home/sid/orb_ws/install/orbslam3' for CMake module files
[1.233s] Level 1:colcon.colcon_core.environment:checking '/home/sid/orb_ws/install/orbslam3' for CMake config files
[1.234s] Level 1:colcon.colcon_core.shell:create_environment_hook('orbslam3', 'cmake_prefix_path')
[1.234s] INFO:colcon.colcon_core.shell:Creating environment hook '/home/sid/orb_ws/install/orbslam3/share/orbslam3/hook/cmake_prefix_path.ps1'
[1.235s] INFO:colcon.colcon_core.shell:Creating environment descriptor '/home/sid/orb_ws/install/orbslam3/share/orbslam3/hook/cmake_prefix_path.dsv'
[1.235s] INFO:colcon.colcon_core.shell:Creating environment hook '/home/sid/orb_ws/install/orbslam3/share/orbslam3/hook/cmake_prefix_path.sh'
[1.235s] Level 1:colcon.colcon_core.environment:checking '/home/sid/orb_ws/install/orbslam3/lib'
[1.235s] Level 1:colcon.colcon_core.environment:checking '/home/sid/orb_ws/install/orbslam3/bin'
[1.235s] Level 1:colcon.colcon_core.environment:checking '/home/sid/orb_ws/install/orbslam3/lib/pkgconfig/orbslam3.pc'
[1.236s] Level 1:colcon.colcon_core.environment:checking '/home/sid/orb_ws/install/orbslam3/lib/python3.10/site-packages'
[1.236s] Level 1:colcon.colcon_core.environment:checking '/home/sid/orb_ws/install/orbslam3/bin'
[1.236s] INFO:colcon.colcon_core.shell:Creating package script '/home/sid/orb_ws/install/orbslam3/share/orbslam3/package.ps1'
[1.236s] INFO:colcon.colcon_core.shell:Creating package descriptor '/home/sid/orb_ws/install/orbslam3/share/orbslam3/package.dsv'
[1.236s] INFO:colcon.colcon_core.shell:Creating package script '/home/sid/orb_ws/install/orbslam3/share/orbslam3/package.sh'
[1.236s] INFO:colcon.colcon_core.shell:Creating package script '/home/sid/orb_ws/install/orbslam3/share/orbslam3/package.bash'
[1.237s] INFO:colcon.colcon_core.shell:Creating package script '/home/sid/orb_ws/install/orbslam3/share/orbslam3/package.zsh'
[1.237s] Level 1:colcon.colcon_core.environment:create_file_with_runtime_dependencies(/home/sid/orb_ws/install/orbslam3/share/colcon-core/packages/orbslam3)
[1.237s] DEBUG:colcon.colcon_parallel_executor.executor.parallel:closing loop
[1.237s] DEBUG:colcon.colcon_parallel_executor.executor.parallel:loop closed
[1.237s] DEBUG:colcon.colcon_parallel_executor.executor.parallel:run_until_complete finished with '0'
[1.237s] DEBUG:colcon.colcon_core.event_reactor:joining thread
[1.242s] INFO:colcon.colcon_core.plugin_system:Skipping extension 'colcon_notification.desktop_notification.terminal_notifier': Not used on non-Darwin systems
[1.242s] INFO:colcon.colcon_core.plugin_system:Skipping extension 'colcon_notification.desktop_notification.win32': Not used on non-Windows systems
[1.242s] INFO:colcon.colcon_notification.desktop_notification:Sending desktop notification using 'notify2'
[1.255s] DEBUG:colcon.colcon_core.event_reactor:joined thread
[1.256s] INFO:colcon.colcon_core.shell:Creating prefix script '/home/sid/orb_ws/install/local_setup.ps1'
[1.256s] INFO:colcon.colcon_core.shell:Creating prefix util module '/home/sid/orb_ws/install/_local_setup_util_ps1.py'
[1.258s] INFO:colcon.colcon_core.shell:Creating prefix chain script '/home/sid/orb_ws/install/setup.ps1'
[1.259s] INFO:colcon.colcon_core.shell:Creating prefix script '/home/sid/orb_ws/install/local_setup.sh'
[1.260s] INFO:colcon.colcon_core.shell:Creating prefix util module '/home/sid/orb_ws/install/_local_setup_util_sh.py'
[1.261s] INFO:colcon.colcon_core.shell:Creating prefix chain script '/home/sid/orb_ws/install/setup.sh'
[1.262s] INFO:colcon.colcon_core.shell:Creating prefix script '/home/sid/orb_ws/install/local_setup.bash'
[1.263s] INFO:colcon.colcon_core.shell:Creating prefix chain script '/home/sid/orb_ws/install/setup.bash'
[1.264s] INFO:colcon.colcon_core.shell:Creating prefix script '/home/sid/orb_ws/install/local_setup.zsh'
[1.264s] INFO:colcon.colcon_core.shell:Creating prefix chain script '/home/sid/orb_ws/install/setup.zsh'
