[0.007s] Invoking command in '/home/sid/orb_ws/build/orbslam3': CMAKE_PREFIX_PATH=${CMAKE_PREFIX_PATH}:/opt/ros/humble /usr/bin/cmake /home/sid/orb_ws/src/orbslam3 -DAMENT_CMAKE_SYMLINK_INSTALL=1 -DCMAKE_INSTALL_PREFIX=/home/sid/orb_ws/install/orbslam3
[0.020s] -- Found ament_cmake: 1.3.12 (/opt/ros/humble/share/ament_cmake/cmake)
[0.099s] -- Override CMake install command with custom implementation using symlinks instead of copying resources
[0.109s] -- Found rclcpp: 16.0.14 (/opt/ros/humble/share/rclcpp/cmake)
[0.131s] -- Found rosidl_generator_c: 3.1.7 (/opt/ros/humble/share/rosidl_generator_c/cmake)
[0.133s] -- Found rosidl_adapter: 3.1.7 (/opt/ros/humble/share/rosidl_adapter/cmake)
[0.138s] -- Found rosidl_generator_cpp: 3.1.7 (/opt/ros/humble/share/rosidl_generator_cpp/cmake)
[0.145s] -- Using all available rosidl_typesupport_c: rosidl_typesupport_fastrtps_c;rosidl_typesupport_introspection_c
[0.153s] -- Using all available rosidl_typesupport_cpp: rosidl_typesupport_fastrtps_cpp;rosidl_typesupport_introspection_cpp
[0.175s] -- Found rmw_implementation_cmake: 6.1.2 (/opt/ros/humble/share/rmw_implementation_cmake/cmake)
[0.176s] -- Found rmw_fastrtps_cpp: 6.2.8 (/opt/ros/humble/share/rmw_fastrtps_cpp/cmake)
[0.242s] -- Using RMW implementation 'rmw_fastrtps_cpp' as default
[0.275s] -- Found sensor_msgs: 4.9.0 (/opt/ros/humble/share/sensor_msgs/cmake)
[0.293s] -- Found cv_bridge: 3.2.1 (/opt/ros/humble/share/cv_bridge/cmake)
[0.296s] -- Found message_filters: 4.3.8 (/opt/ros/humble/share/message_filters/cmake)
[0.347s] -- Configuring done
[0.365s] -- Generating done
[0.370s] -- Build files have been written to: /home/sid/orb_ws/build/orbslam3
[0.375s] Invoked command in '/home/sid/orb_ws/build/orbslam3' returned '0': CMAKE_PREFIX_PATH=${CMAKE_PREFIX_PATH}:/opt/ros/humble /usr/bin/cmake /home/sid/orb_ws/src/orbslam3 -DAMENT_CMAKE_SYMLINK_INSTALL=1 -DCMAKE_INSTALL_PREFIX=/home/sid/orb_ws/install/orbslam3
[0.376s] Invoking command in '/home/sid/orb_ws/build/orbslam3': CMAKE_PREFIX_PATH=${CMAKE_PREFIX_PATH}:/opt/ros/humble /usr/bin/cmake --build /home/sid/orb_ws/build/orbslam3 -- -j20 -l20
[0.411s] [35m[1mConsolidate compiler generated dependencies of target mono[0m
[0.412s] [35m[1mConsolidate compiler generated dependencies of target stereo-inertial[0m
[0.413s] [35m[1mConsolidate compiler generated dependencies of target rgbd[0m
[0.414s] [35m[1mConsolidate compiler generated dependencies of target stereo[0m
[0.431s] [ 50%] Built target stereo
[0.431s] [ 50%] Built target stereo-inertial
[0.432s] [ 75%] Built target mono
[0.438s] [100%] Built target rgbd
[0.445s] Invoked command in '/home/sid/orb_ws/build/orbslam3' returned '0': CMAKE_PREFIX_PATH=${CMAKE_PREFIX_PATH}:/opt/ros/humble /usr/bin/cmake --build /home/sid/orb_ws/build/orbslam3 -- -j20 -l20
[0.453s] Invoking command in '/home/sid/orb_ws/build/orbslam3': CMAKE_PREFIX_PATH=${CMAKE_PREFIX_PATH}:/opt/ros/humble /usr/bin/cmake --install /home/sid/orb_ws/build/orbslam3
[0.459s] -- Install configuration: ""
[0.459s] -- Execute custom install script
[0.459s] -- Up-to-date symlink: /home/sid/orb_ws/install/orbslam3/lib/orbslam3/mono
[0.460s] -- Up-to-date symlink: /home/sid/orb_ws/install/orbslam3/lib/orbslam3/rgbd
[0.460s] -- Up-to-date symlink: /home/sid/orb_ws/install/orbslam3/lib/orbslam3/stereo
[0.460s] -- Up-to-date symlink: /home/sid/orb_ws/install/orbslam3/lib/orbslam3/stereo-inertial
[0.460s] -- Up-to-date symlink: /home/sid/orb_ws/install/orbslam3/share/orbslam3//launch/stereo_orbslam3.launch.py
[0.462s] -- Up-to-date symlink: /home/sid/orb_ws/install/orbslam3/share/orbslam3//config/monocular-inertial/EuRoC.yaml
[0.462s] -- Up-to-date symlink: /home/sid/orb_ws/install/orbslam3/share/orbslam3//config/monocular-inertial/EuRoC_IMU/MH01.txt
[0.462s] -- Up-to-date symlink: /home/sid/orb_ws/install/orbslam3/share/orbslam3//config/monocular-inertial/EuRoC_IMU/MH02.txt
[0.462s] -- Up-to-date symlink: /home/sid/orb_ws/install/orbslam3/share/orbslam3//config/monocular-inertial/EuRoC_IMU/MH03.txt
[0.462s] -- Up-to-date symlink: /home/sid/orb_ws/install/orbslam3/share/orbslam3//config/monocular-inertial/EuRoC_IMU/MH04.txt
[0.462s] -- Up-to-date symlink: /home/sid/orb_ws/install/orbslam3/share/orbslam3//config/monocular-inertial/EuRoC_IMU/MH05.txt
[0.462s] -- Up-to-date symlink: /home/sid/orb_ws/install/orbslam3/share/orbslam3//config/monocular-inertial/EuRoC_IMU/V101.txt
[0.462s] -- Up-to-date symlink: /home/sid/orb_ws/install/orbslam3/share/orbslam3//config/monocular-inertial/EuRoC_IMU/V102.txt
[0.462s] -- Up-to-date symlink: /home/sid/orb_ws/install/orbslam3/share/orbslam3//config/monocular-inertial/EuRoC_IMU/V103.txt
[0.462s] -- Up-to-date symlink: /home/sid/orb_ws/install/orbslam3/share/orbslam3//config/monocular-inertial/EuRoC_IMU/V201.txt
[0.462s] -- Up-to-date symlink: /home/sid/orb_ws/install/orbslam3/share/orbslam3//config/monocular-inertial/EuRoC_IMU/V202.txt
[0.463s] -- Up-to-date symlink: /home/sid/orb_ws/install/orbslam3/share/orbslam3//config/monocular-inertial/EuRoC_IMU/V203.txt
[0.463s] -- Up-to-date symlink: /home/sid/orb_ws/install/orbslam3/share/orbslam3//config/monocular-inertial/EuRoC_TimeStamps/MH01.txt
[0.463s] -- Up-to-date symlink: /home/sid/orb_ws/install/orbslam3/share/orbslam3//config/monocular-inertial/EuRoC_TimeStamps/MH02.txt
[0.463s] -- Up-to-date symlink: /home/sid/orb_ws/install/orbslam3/share/orbslam3//config/monocular-inertial/EuRoC_TimeStamps/MH03.txt
[0.463s] -- Up-to-date symlink: /home/sid/orb_ws/install/orbslam3/share/orbslam3//config/monocular-inertial/EuRoC_TimeStamps/MH04.txt
[0.463s] -- Up-to-date symlink: /home/sid/orb_ws/install/orbslam3/share/orbslam3//config/monocular-inertial/EuRoC_TimeStamps/MH05.txt
[0.463s] -- Up-to-date symlink: /home/sid/orb_ws/install/orbslam3/share/orbslam3//config/monocular-inertial/EuRoC_TimeStamps/V101.txt
[0.463s] -- Up-to-date symlink: /home/sid/orb_ws/install/orbslam3/share/orbslam3//config/monocular-inertial/EuRoC_TimeStamps/V102.txt
[0.463s] -- Up-to-date symlink: /home/sid/orb_ws/install/orbslam3/share/orbslam3//config/monocular-inertial/EuRoC_TimeStamps/V103.txt
[0.463s] -- Up-to-date symlink: /home/sid/orb_ws/install/orbslam3/share/orbslam3//config/monocular-inertial/EuRoC_TimeStamps/V201.txt
[0.463s] -- Up-to-date symlink: /home/sid/orb_ws/install/orbslam3/share/orbslam3//config/monocular-inertial/EuRoC_TimeStamps/V202.txt
[0.463s] -- Up-to-date symlink: /home/sid/orb_ws/install/orbslam3/share/orbslam3//config/monocular-inertial/EuRoC_TimeStamps/V203.txt
[0.463s] -- Up-to-date symlink: /home/sid/orb_ws/install/orbslam3/share/orbslam3//config/monocular-inertial/MultiSession/EuRoC_MH01.yaml
[0.463s] -- Up-to-date symlink: /home/sid/orb_ws/install/orbslam3/share/orbslam3//config/monocular-inertial/MultiSession/EuRoC_MH02.yaml
[0.464s] -- Up-to-date symlink: /home/sid/orb_ws/install/orbslam3/share/orbslam3//config/monocular-inertial/MultiSession/EuRoC_MH03.yaml
[0.464s] -- Up-to-date symlink: /home/sid/orb_ws/install/orbslam3/share/orbslam3//config/monocular-inertial/MultiSession/EuRoC_MH04.yaml
[0.464s] -- Up-to-date symlink: /home/sid/orb_ws/install/orbslam3/share/orbslam3//config/monocular-inertial/MultiSession/EuRoC_MH05.yaml
[0.464s] -- Up-to-date symlink: /home/sid/orb_ws/install/orbslam3/share/orbslam3//config/monocular-inertial/MultiSession/EuRoC_V101.yaml
[0.464s] -- Up-to-date symlink: /home/sid/orb_ws/install/orbslam3/share/orbslam3//config/monocular-inertial/MultiSession/EuRoC_V102.yaml
[0.464s] -- Up-to-date symlink: /home/sid/orb_ws/install/orbslam3/share/orbslam3//config/monocular-inertial/MultiSession/EuRoC_V103.yaml
[0.464s] -- Up-to-date symlink: /home/sid/orb_ws/install/orbslam3/share/orbslam3//config/monocular-inertial/MultiSession/EuRoC_V201.yaml
[0.464s] -- Up-to-date symlink: /home/sid/orb_ws/install/orbslam3/share/orbslam3//config/monocular-inertial/MultiSession/EuRoC_V202.yaml
[0.464s] -- Up-to-date symlink: /home/sid/orb_ws/install/orbslam3/share/orbslam3//config/monocular-inertial/MultiSession/EuRoC_V203.yaml
[0.464s] -- Up-to-date symlink: /home/sid/orb_ws/install/orbslam3/share/orbslam3//config/monocular-inertial/RealSense_D435i.yaml
[0.464s] -- Up-to-date symlink: /home/sid/orb_ws/install/orbslam3/share/orbslam3//config/monocular-inertial/RealSense_T265.yaml
[0.464s] -- Up-to-date symlink: /home/sid/orb_ws/install/orbslam3/share/orbslam3//config/monocular-inertial/TUM-VI.yaml
[0.464s] -- Up-to-date symlink: /home/sid/orb_ws/install/orbslam3/share/orbslam3//config/monocular-inertial/TUM-VI_far.yaml
[0.464s] -- Up-to-date symlink: /home/sid/orb_ws/install/orbslam3/share/orbslam3//config/monocular-inertial/TUM_IMU/dataset-corridor1_512.txt
[0.464s] -- Up-to-date symlink: /home/sid/orb_ws/install/orbslam3/share/orbslam3//config/monocular-inertial/TUM_IMU/dataset-corridor2_1024.txt
[0.464s] -- Up-to-date symlink: /home/sid/orb_ws/install/orbslam3/share/orbslam3//config/monocular-inertial/TUM_IMU/dataset-corridor2_512.txt
[0.464s] -- Up-to-date symlink: /home/sid/orb_ws/install/orbslam3/share/orbslam3//config/monocular-inertial/TUM_IMU/dataset-corridor3_512.txt
[0.465s] -- Up-to-date symlink: /home/sid/orb_ws/install/orbslam3/share/orbslam3//config/monocular-inertial/TUM_IMU/dataset-corridor4_512.txt
[0.465s] -- Up-to-date symlink: /home/sid/orb_ws/install/orbslam3/share/orbslam3//config/monocular-inertial/TUM_IMU/dataset-corridor5_512.txt
[0.465s] -- Up-to-date symlink: /home/sid/orb_ws/install/orbslam3/share/orbslam3//config/monocular-inertial/TUM_IMU/dataset-magistrale1_512.txt
[0.465s] -- Up-to-date symlink: /home/sid/orb_ws/install/orbslam3/share/orbslam3//config/monocular-inertial/TUM_IMU/dataset-magistrale2_512.txt
[0.465s] -- Up-to-date symlink: /home/sid/orb_ws/install/orbslam3/share/orbslam3//config/monocular-inertial/TUM_IMU/dataset-magistrale3_512.txt
[0.465s] -- Up-to-date symlink: /home/sid/orb_ws/install/orbslam3/share/orbslam3//config/monocular-inertial/TUM_IMU/dataset-magistrale4_512.txt
[0.465s] -- Up-to-date symlink: /home/sid/orb_ws/install/orbslam3/share/orbslam3//config/monocular-inertial/TUM_IMU/dataset-magistrale5_512.txt
[0.465s] -- Up-to-date symlink: /home/sid/orb_ws/install/orbslam3/share/orbslam3//config/monocular-inertial/TUM_IMU/dataset-magistrale6_512.txt
[0.465s] -- Up-to-date symlink: /home/sid/orb_ws/install/orbslam3/share/orbslam3//config/monocular-inertial/TUM_IMU/dataset-outdoors1_512.txt
[0.465s] -- Up-to-date symlink: /home/sid/orb_ws/install/orbslam3/share/orbslam3//config/monocular-inertial/TUM_IMU/dataset-outdoors2_512.txt
[0.465s] -- Up-to-date symlink: /home/sid/orb_ws/install/orbslam3/share/orbslam3//config/monocular-inertial/TUM_IMU/dataset-outdoors3_512.txt
[0.465s] -- Up-to-date symlink: /home/sid/orb_ws/install/orbslam3/share/orbslam3//config/monocular-inertial/TUM_IMU/dataset-outdoors4_512.txt
[0.465s] -- Up-to-date symlink: /home/sid/orb_ws/install/orbslam3/share/orbslam3//config/monocular-inertial/TUM_IMU/dataset-outdoors5_512.txt
[0.465s] -- Up-to-date symlink: /home/sid/orb_ws/install/orbslam3/share/orbslam3//config/monocular-inertial/TUM_IMU/dataset-outdoors6_512.txt
[0.465s] -- Up-to-date symlink: /home/sid/orb_ws/install/orbslam3/share/orbslam3//config/monocular-inertial/TUM_IMU/dataset-outdoors7_512.txt
[0.465s] -- Up-to-date symlink: /home/sid/orb_ws/install/orbslam3/share/orbslam3//config/monocular-inertial/TUM_IMU/dataset-outdoors8_512.txt
[0.465s] -- Up-to-date symlink: /home/sid/orb_ws/install/orbslam3/share/orbslam3//config/monocular-inertial/TUM_IMU/dataset-room1_512.txt
[0.465s] -- Up-to-date symlink: /home/sid/orb_ws/install/orbslam3/share/orbslam3//config/monocular-inertial/TUM_IMU/dataset-room2_512.txt
[0.465s] -- Up-to-date symlink: /home/sid/orb_ws/install/orbslam3/share/orbslam3//config/monocular-inertial/TUM_IMU/dataset-room3_512.txt
[0.465s] -- Up-to-date symlink: /home/sid/orb_ws/install/orbslam3/share/orbslam3//config/monocular-inertial/TUM_IMU/dataset-room4_512.txt
[0.465s] -- Up-to-date symlink: /home/sid/orb_ws/install/orbslam3/share/orbslam3//config/monocular-inertial/TUM_IMU/dataset-room5_512.txt
[0.465s] -- Up-to-date symlink: /home/sid/orb_ws/install/orbslam3/share/orbslam3//config/monocular-inertial/TUM_IMU/dataset-room6_512.txt
[0.465s] -- Up-to-date symlink: /home/sid/orb_ws/install/orbslam3/share/orbslam3//config/monocular-inertial/TUM_IMU/dataset-slides1_512.txt
[0.465s] -- Up-to-date symlink: /home/sid/orb_ws/install/orbslam3/share/orbslam3//config/monocular-inertial/TUM_IMU/dataset-slides2_512.txt
[0.465s] -- Up-to-date symlink: /home/sid/orb_ws/install/orbslam3/share/orbslam3//config/monocular-inertial/TUM_IMU/dataset-slides3_512.txt
[0.465s] -- Up-to-date symlink: /home/sid/orb_ws/install/orbslam3/share/orbslam3//config/monocular-inertial/TUM_TimeStamps/dataset-corridor1_512.txt
[0.465s] -- Up-to-date symlink: /home/sid/orb_ws/install/orbslam3/share/orbslam3//config/monocular-inertial/TUM_TimeStamps/dataset-corridor2_1024.txt
[0.465s] -- Up-to-date symlink: /home/sid/orb_ws/install/orbslam3/share/orbslam3//config/monocular-inertial/TUM_TimeStamps/dataset-corridor2_512.txt
[0.465s] -- Up-to-date symlink: /home/sid/orb_ws/install/orbslam3/share/orbslam3//config/monocular-inertial/TUM_TimeStamps/dataset-corridor3_512.txt
[0.465s] -- Up-to-date symlink: /home/sid/orb_ws/install/orbslam3/share/orbslam3//config/monocular-inertial/TUM_TimeStamps/dataset-corridor4_512.txt
[0.465s] -- Up-to-date symlink: /home/sid/orb_ws/install/orbslam3/share/orbslam3//config/monocular-inertial/TUM_TimeStamps/dataset-corridor5_512.txt
[0.465s] -- Up-to-date symlink: /home/sid/orb_ws/install/orbslam3/share/orbslam3//config/monocular-inertial/TUM_TimeStamps/dataset-magistrale1_512.txt
[0.465s] -- Up-to-date symlink: /home/sid/orb_ws/install/orbslam3/share/orbslam3//config/monocular-inertial/TUM_TimeStamps/dataset-magistrale2_512.txt
[0.465s] -- Up-to-date symlink: /home/sid/orb_ws/install/orbslam3/share/orbslam3//config/monocular-inertial/TUM_TimeStamps/dataset-magistrale3_512.txt
[0.465s] -- Up-to-date symlink: /home/sid/orb_ws/install/orbslam3/share/orbslam3//config/monocular-inertial/TUM_TimeStamps/dataset-magistrale4_512.txt
[0.466s] -- Up-to-date symlink: /home/sid/orb_ws/install/orbslam3/share/orbslam3//config/monocular-inertial/TUM_TimeStamps/dataset-magistrale5_512.txt
[0.466s] -- Up-to-date symlink: /home/sid/orb_ws/install/orbslam3/share/orbslam3//config/monocular-inertial/TUM_TimeStamps/dataset-magistrale6_512.txt
[0.466s] -- Up-to-date symlink: /home/sid/orb_ws/install/orbslam3/share/orbslam3//config/monocular-inertial/TUM_TimeStamps/dataset-outdoors1_512.txt
[0.466s] -- Up-to-date symlink: /home/sid/orb_ws/install/orbslam3/share/orbslam3//config/monocular-inertial/TUM_TimeStamps/dataset-outdoors2_512.txt
[0.466s] -- Up-to-date symlink: /home/sid/orb_ws/install/orbslam3/share/orbslam3//config/monocular-inertial/TUM_TimeStamps/dataset-outdoors3_512.txt
[0.466s] -- Up-to-date symlink: /home/sid/orb_ws/install/orbslam3/share/orbslam3//config/monocular-inertial/TUM_TimeStamps/dataset-outdoors4_512.txt
[0.466s] -- Up-to-date symlink: /home/sid/orb_ws/install/orbslam3/share/orbslam3//config/monocular-inertial/TUM_TimeStamps/dataset-outdoors5_512.txt
[0.466s] -- Up-to-date symlink: /home/sid/orb_ws/install/orbslam3/share/orbslam3//config/monocular-inertial/TUM_TimeStamps/dataset-outdoors6_512.txt
[0.466s] -- Up-to-date symlink: /home/sid/orb_ws/install/orbslam3/share/orbslam3//config/monocular-inertial/TUM_TimeStamps/dataset-outdoors7_512.txt
[0.466s] -- Up-to-date symlink: /home/sid/orb_ws/install/orbslam3/share/orbslam3//config/monocular-inertial/TUM_TimeStamps/dataset-outdoors8_512.txt
[0.466s] -- Up-to-date symlink: /home/sid/orb_ws/install/orbslam3/share/orbslam3//config/monocular-inertial/TUM_TimeStamps/dataset-room1_512.txt
[0.466s] -- Up-to-date symlink: /home/sid/orb_ws/install/orbslam3/share/orbslam3//config/monocular-inertial/TUM_TimeStamps/dataset-room2_512.txt
[0.466s] -- Up-to-date symlink: /home/sid/orb_ws/install/orbslam3/share/orbslam3//config/monocular-inertial/TUM_TimeStamps/dataset-room3_512.txt
[0.466s] -- Up-to-date symlink: /home/sid/orb_ws/install/orbslam3/share/orbslam3//config/monocular-inertial/TUM_TimeStamps/dataset-room4_512.txt
[0.466s] -- Up-to-date symlink: /home/sid/orb_ws/install/orbslam3/share/orbslam3//config/monocular-inertial/TUM_TimeStamps/dataset-room5_512.txt
[0.466s] -- Up-to-date symlink: /home/sid/orb_ws/install/orbslam3/share/orbslam3//config/monocular-inertial/TUM_TimeStamps/dataset-room6_512.txt
[0.466s] -- Up-to-date symlink: /home/sid/orb_ws/install/orbslam3/share/orbslam3//config/monocular-inertial/TUM_TimeStamps/dataset-slides1_512.txt
[0.466s] -- Up-to-date symlink: /home/sid/orb_ws/install/orbslam3/share/orbslam3//config/monocular-inertial/TUM_TimeStamps/dataset-slides2_512.txt
[0.466s] -- Up-to-date symlink: /home/sid/orb_ws/install/orbslam3/share/orbslam3//config/monocular-inertial/TUM_TimeStamps/dataset-slides3_512.txt
[0.466s] -- Up-to-date symlink: /home/sid/orb_ws/install/orbslam3/share/orbslam3//config/monocular/EuRoC.yaml
[0.466s] -- Up-to-date symlink: /home/sid/orb_ws/install/orbslam3/share/orbslam3//config/monocular/EuRoC_TimeStamps/MH01.txt
[0.466s] -- Up-to-date symlink: /home/sid/orb_ws/install/orbslam3/share/orbslam3//config/monocular/EuRoC_TimeStamps/MH02.txt
[0.466s] -- Up-to-date symlink: /home/sid/orb_ws/install/orbslam3/share/orbslam3//config/monocular/EuRoC_TimeStamps/MH03.txt
[0.466s] -- Up-to-date symlink: /home/sid/orb_ws/install/orbslam3/share/orbslam3//config/monocular/EuRoC_TimeStamps/MH04.txt
[0.466s] -- Up-to-date symlink: /home/sid/orb_ws/install/orbslam3/share/orbslam3//config/monocular/EuRoC_TimeStamps/MH05.txt
[0.466s] -- Up-to-date symlink: /home/sid/orb_ws/install/orbslam3/share/orbslam3//config/monocular/EuRoC_TimeStamps/V101.txt
[0.466s] -- Up-to-date symlink: /home/sid/orb_ws/install/orbslam3/share/orbslam3//config/monocular/EuRoC_TimeStamps/V102.txt
[0.466s] -- Up-to-date symlink: /home/sid/orb_ws/install/orbslam3/share/orbslam3//config/monocular/EuRoC_TimeStamps/V103.txt
[0.466s] -- Up-to-date symlink: /home/sid/orb_ws/install/orbslam3/share/orbslam3//config/monocular/EuRoC_TimeStamps/V201.txt
[0.466s] -- Up-to-date symlink: /home/sid/orb_ws/install/orbslam3/share/orbslam3//config/monocular/EuRoC_TimeStamps/V202.txt
[0.466s] -- Up-to-date symlink: /home/sid/orb_ws/install/orbslam3/share/orbslam3//config/monocular/EuRoC_TimeStamps/V203.txt
[0.466s] -- Up-to-date symlink: /home/sid/orb_ws/install/orbslam3/share/orbslam3//config/monocular/KITTI00-02.yaml
[0.466s] -- Up-to-date symlink: /home/sid/orb_ws/install/orbslam3/share/orbslam3//config/monocular/KITTI03.yaml
[0.467s] -- Up-to-date symlink: /home/sid/orb_ws/install/orbslam3/share/orbslam3//config/monocular/KITTI04-12.yaml
[0.467s] -- Up-to-date symlink: /home/sid/orb_ws/install/orbslam3/share/orbslam3//config/monocular/MultiSession/EuRoC_MH01.yaml
[0.467s] -- Up-to-date symlink: /home/sid/orb_ws/install/orbslam3/share/orbslam3//config/monocular/MultiSession/EuRoC_MH02.yaml
[0.467s] -- Up-to-date symlink: /home/sid/orb_ws/install/orbslam3/share/orbslam3//config/monocular/MultiSession/EuRoC_MH03.yaml
[0.467s] -- Up-to-date symlink: /home/sid/orb_ws/install/orbslam3/share/orbslam3//config/monocular/MultiSession/EuRoC_MH04.yaml
[0.467s] -- Up-to-date symlink: /home/sid/orb_ws/install/orbslam3/share/orbslam3//config/monocular/MultiSession/EuRoC_MH05.yaml
[0.467s] -- Up-to-date symlink: /home/sid/orb_ws/install/orbslam3/share/orbslam3//config/monocular/MultiSession/EuRoC_V101.yaml
[0.467s] -- Up-to-date symlink: /home/sid/orb_ws/install/orbslam3/share/orbslam3//config/monocular/MultiSession/EuRoC_V102.yaml
[0.467s] -- Up-to-date symlink: /home/sid/orb_ws/install/orbslam3/share/orbslam3//config/monocular/MultiSession/EuRoC_V103.yaml
[0.467s] -- Up-to-date symlink: /home/sid/orb_ws/install/orbslam3/share/orbslam3//config/monocular/MultiSession/EuRoC_V201.yaml
[0.467s] -- Up-to-date symlink: /home/sid/orb_ws/install/orbslam3/share/orbslam3//config/monocular/MultiSession/EuRoC_V202.yaml
[0.467s] -- Up-to-date symlink: /home/sid/orb_ws/install/orbslam3/share/orbslam3//config/monocular/MultiSession/EuRoC_V203.yaml
[0.467s] -- Up-to-date symlink: /home/sid/orb_ws/install/orbslam3/share/orbslam3//config/monocular/RealSense_D435i.yaml
[0.467s] -- Up-to-date symlink: /home/sid/orb_ws/install/orbslam3/share/orbslam3//config/monocular/RealSense_T265.yaml
[0.467s] -- Up-to-date symlink: /home/sid/orb_ws/install/orbslam3/share/orbslam3//config/monocular/TUM-VI.yaml
[0.467s] -- Up-to-date symlink: /home/sid/orb_ws/install/orbslam3/share/orbslam3//config/monocular/TUM1.yaml
[0.467s] -- Up-to-date symlink: /home/sid/orb_ws/install/orbslam3/share/orbslam3//config/monocular/TUM2.yaml
[0.467s] -- Up-to-date symlink: /home/sid/orb_ws/install/orbslam3/share/orbslam3//config/monocular/TUM3.yaml
[0.467s] -- Up-to-date symlink: /home/sid/orb_ws/install/orbslam3/share/orbslam3//config/monocular/TUM_TimeStamps/dataset-corridor1_512.txt
[0.467s] -- Up-to-date symlink: /home/sid/orb_ws/install/orbslam3/share/orbslam3//config/monocular/TUM_TimeStamps/dataset-corridor2_1024.txt
[0.467s] -- Up-to-date symlink: /home/sid/orb_ws/install/orbslam3/share/orbslam3//config/monocular/TUM_TimeStamps/dataset-corridor2_512.txt
[0.467s] -- Up-to-date symlink: /home/sid/orb_ws/install/orbslam3/share/orbslam3//config/monocular/TUM_TimeStamps/dataset-corridor3_512.txt
[0.467s] -- Up-to-date symlink: /home/sid/orb_ws/install/orbslam3/share/orbslam3//config/monocular/TUM_TimeStamps/dataset-corridor4_512.txt
[0.467s] -- Up-to-date symlink: /home/sid/orb_ws/install/orbslam3/share/orbslam3//config/monocular/TUM_TimeStamps/dataset-corridor5_512.txt
[0.467s] -- Up-to-date symlink: /home/sid/orb_ws/install/orbslam3/share/orbslam3//config/monocular/TUM_TimeStamps/dataset-magistrale1_512.txt
[0.467s] -- Up-to-date symlink: /home/sid/orb_ws/install/orbslam3/share/orbslam3//config/monocular/TUM_TimeStamps/dataset-magistrale2_512.txt
[0.467s] -- Up-to-date symlink: /home/sid/orb_ws/install/orbslam3/share/orbslam3//config/monocular/TUM_TimeStamps/dataset-magistrale3_512.txt
[0.467s] -- Up-to-date symlink: /home/sid/orb_ws/install/orbslam3/share/orbslam3//config/monocular/TUM_TimeStamps/dataset-magistrale4_512.txt
[0.467s] -- Up-to-date symlink: /home/sid/orb_ws/install/orbslam3/share/orbslam3//config/monocular/TUM_TimeStamps/dataset-magistrale5_512.txt
[0.467s] -- Up-to-date symlink: /home/sid/orb_ws/install/orbslam3/share/orbslam3//config/monocular/TUM_TimeStamps/dataset-magistrale6_512.txt
[0.468s] -- Up-to-date symlink: /home/sid/orb_ws/install/orbslam3/share/orbslam3//config/monocular/TUM_TimeStamps/dataset-outdoors1_512.txt
[0.468s] -- Up-to-date symlink: /home/sid/orb_ws/install/orbslam3/share/orbslam3//config/monocular/TUM_TimeStamps/dataset-outdoors2_512.txt
[0.468s] -- Up-to-date symlink: /home/sid/orb_ws/install/orbslam3/share/orbslam3//config/monocular/TUM_TimeStamps/dataset-outdoors3_512.txt
[0.468s] -- Up-to-date symlink: /home/sid/orb_ws/install/orbslam3/share/orbslam3//config/monocular/TUM_TimeStamps/dataset-outdoors4_512.txt
[0.468s] -- Up-to-date symlink: /home/sid/orb_ws/install/orbslam3/share/orbslam3//config/monocular/TUM_TimeStamps/dataset-outdoors5_512.txt
[0.468s] -- Up-to-date symlink: /home/sid/orb_ws/install/orbslam3/share/orbslam3//config/monocular/TUM_TimeStamps/dataset-outdoors6_512.txt
[0.468s] -- Up-to-date symlink: /home/sid/orb_ws/install/orbslam3/share/orbslam3//config/monocular/TUM_TimeStamps/dataset-outdoors7_512.txt
[0.468s] -- Up-to-date symlink: /home/sid/orb_ws/install/orbslam3/share/orbslam3//config/monocular/TUM_TimeStamps/dataset-outdoors8_512.txt
[0.468s] -- Up-to-date symlink: /home/sid/orb_ws/install/orbslam3/share/orbslam3//config/monocular/TUM_TimeStamps/dataset-room1_512.txt
[0.468s] -- Up-to-date symlink: /home/sid/orb_ws/install/orbslam3/share/orbslam3//config/monocular/TUM_TimeStamps/dataset-room2_512.txt
[0.468s] -- Up-to-date symlink: /home/sid/orb_ws/install/orbslam3/share/orbslam3//config/monocular/TUM_TimeStamps/dataset-room3_512.txt
[0.468s] -- Up-to-date symlink: /home/sid/orb_ws/install/orbslam3/share/orbslam3//config/monocular/TUM_TimeStamps/dataset-room4_512.txt
[0.468s] -- Up-to-date symlink: /home/sid/orb_ws/install/orbslam3/share/orbslam3//config/monocular/TUM_TimeStamps/dataset-room5_512.txt
[0.468s] -- Up-to-date symlink: /home/sid/orb_ws/install/orbslam3/share/orbslam3//config/monocular/TUM_TimeStamps/dataset-room6_512.txt
[0.468s] -- Up-to-date symlink: /home/sid/orb_ws/install/orbslam3/share/orbslam3//config/monocular/TUM_TimeStamps/dataset-slides1_512.txt
[0.468s] -- Up-to-date symlink: /home/sid/orb_ws/install/orbslam3/share/orbslam3//config/monocular/TUM_TimeStamps/dataset-slides2_512.txt
[0.468s] -- Up-to-date symlink: /home/sid/orb_ws/install/orbslam3/share/orbslam3//config/monocular/TUM_TimeStamps/dataset-slides3_512.txt
[0.468s] -- Up-to-date symlink: /home/sid/orb_ws/install/orbslam3/share/orbslam3//config/rgb-d-inertial/RealSense_D435i.yaml
[0.468s] -- Up-to-date symlink: /home/sid/orb_ws/install/orbslam3/share/orbslam3//config/rgb-d/RealSense_D435i.yaml
[0.468s] -- Up-to-date symlink: /home/sid/orb_ws/install/orbslam3/share/orbslam3//config/rgb-d/TUM1.yaml
[0.468s] -- Up-to-date symlink: /home/sid/orb_ws/install/orbslam3/share/orbslam3//config/rgb-d/TUM2.yaml
[0.468s] -- Up-to-date symlink: /home/sid/orb_ws/install/orbslam3/share/orbslam3//config/rgb-d/TUM3.yaml
[0.468s] -- Up-to-date symlink: /home/sid/orb_ws/install/orbslam3/share/orbslam3//config/rgb-d/associations/fr1_desk.txt
[0.468s] -- Up-to-date symlink: /home/sid/orb_ws/install/orbslam3/share/orbslam3//config/rgb-d/associations/fr1_desk2.txt
[0.468s] -- Up-to-date symlink: /home/sid/orb_ws/install/orbslam3/share/orbslam3//config/rgb-d/associations/fr1_room.txt
[0.468s] -- Up-to-date symlink: /home/sid/orb_ws/install/orbslam3/share/orbslam3//config/rgb-d/associations/fr1_xyz.txt
[0.468s] -- Up-to-date symlink: /home/sid/orb_ws/install/orbslam3/share/orbslam3//config/rgb-d/associations/fr2_desk.txt
[0.468s] -- Up-to-date symlink: /home/sid/orb_ws/install/orbslam3/share/orbslam3//config/rgb-d/associations/fr2_xyz.txt
[0.468s] -- Up-to-date symlink: /home/sid/orb_ws/install/orbslam3/share/orbslam3//config/rgb-d/associations/fr3_nstr_tex_near.txt
[0.469s] -- Up-to-date symlink: /home/sid/orb_ws/install/orbslam3/share/orbslam3//config/rgb-d/associations/fr3_office.txt
[0.469s] -- Up-to-date symlink: /home/sid/orb_ws/install/orbslam3/share/orbslam3//config/rgb-d/associations/fr3_office_val.txt
[0.469s] -- Up-to-date symlink: /home/sid/orb_ws/install/orbslam3/share/orbslam3//config/rgb-d/associations/fr3_str_tex_far.txt
[0.469s] -- Up-to-date symlink: /home/sid/orb_ws/install/orbslam3/share/orbslam3//config/rgb-d/associations/fr3_str_tex_near.txt
[0.469s] -- Up-to-date symlink: /home/sid/orb_ws/install/orbslam3/share/orbslam3//config/stereo-inertial/EuRoC.yaml
[0.469s] -- Up-to-date symlink: /home/sid/orb_ws/install/orbslam3/share/orbslam3//config/stereo-inertial/EuRoC_IMU/MH01.txt
[0.469s] -- Up-to-date symlink: /home/sid/orb_ws/install/orbslam3/share/orbslam3//config/stereo-inertial/EuRoC_IMU/MH02.txt
[0.469s] -- Up-to-date symlink: /home/sid/orb_ws/install/orbslam3/share/orbslam3//config/stereo-inertial/EuRoC_IMU/MH03.txt
[0.469s] -- Up-to-date symlink: /home/sid/orb_ws/install/orbslam3/share/orbslam3//config/stereo-inertial/EuRoC_IMU/MH04.txt
[0.469s] -- Up-to-date symlink: /home/sid/orb_ws/install/orbslam3/share/orbslam3//config/stereo-inertial/EuRoC_IMU/MH05.txt
[0.469s] -- Up-to-date symlink: /home/sid/orb_ws/install/orbslam3/share/orbslam3//config/stereo-inertial/EuRoC_IMU/V101.txt
[0.469s] -- Up-to-date symlink: /home/sid/orb_ws/install/orbslam3/share/orbslam3//config/stereo-inertial/EuRoC_IMU/V102.txt
[0.469s] -- Up-to-date symlink: /home/sid/orb_ws/install/orbslam3/share/orbslam3//config/stereo-inertial/EuRoC_IMU/V103.txt
[0.469s] -- Up-to-date symlink: /home/sid/orb_ws/install/orbslam3/share/orbslam3//config/stereo-inertial/EuRoC_IMU/V201.txt
[0.469s] -- Up-to-date symlink: /home/sid/orb_ws/install/orbslam3/share/orbslam3//config/stereo-inertial/EuRoC_IMU/V202.txt
[0.469s] -- Up-to-date symlink: /home/sid/orb_ws/install/orbslam3/share/orbslam3//config/stereo-inertial/EuRoC_IMU/V203.txt
[0.469s] -- Up-to-date symlink: /home/sid/orb_ws/install/orbslam3/share/orbslam3//config/stereo-inertial/EuRoC_TimeStamps/MH01.txt
[0.469s] -- Up-to-date symlink: /home/sid/orb_ws/install/orbslam3/share/orbslam3//config/stereo-inertial/EuRoC_TimeStamps/MH02.txt
[0.469s] -- Up-to-date symlink: /home/sid/orb_ws/install/orbslam3/share/orbslam3//config/stereo-inertial/EuRoC_TimeStamps/MH03.txt
[0.469s] -- Up-to-date symlink: /home/sid/orb_ws/install/orbslam3/share/orbslam3//config/stereo-inertial/EuRoC_TimeStamps/MH04.txt
[0.469s] -- Up-to-date symlink: /home/sid/orb_ws/install/orbslam3/share/orbslam3//config/stereo-inertial/EuRoC_TimeStamps/MH05.txt
[0.469s] -- Up-to-date symlink: /home/sid/orb_ws/install/orbslam3/share/orbslam3//config/stereo-inertial/EuRoC_TimeStamps/V101.txt
[0.469s] -- Up-to-date symlink: /home/sid/orb_ws/install/orbslam3/share/orbslam3//config/stereo-inertial/EuRoC_TimeStamps/V102.txt
[0.469s] -- Up-to-date symlink: /home/sid/orb_ws/install/orbslam3/share/orbslam3//config/stereo-inertial/EuRoC_TimeStamps/V103.txt
[0.470s] -- Up-to-date symlink: /home/sid/orb_ws/install/orbslam3/share/orbslam3//config/stereo-inertial/EuRoC_TimeStamps/V201.txt
[0.470s] -- Up-to-date symlink: /home/sid/orb_ws/install/orbslam3/share/orbslam3//config/stereo-inertial/EuRoC_TimeStamps/V202.txt
[0.470s] -- Up-to-date symlink: /home/sid/orb_ws/install/orbslam3/share/orbslam3//config/stereo-inertial/EuRoC_TimeStamps/V203.txt
[0.470s] -- Up-to-date symlink: /home/sid/orb_ws/install/orbslam3/share/orbslam3//config/stereo-inertial/EuRoC_TimeStamps/V203_2.txt
[0.470s] -- Up-to-date symlink: /home/sid/orb_ws/install/orbslam3/share/orbslam3//config/stereo-inertial/MultiSession/EuRoC_MH01.yaml
[0.470s] -- Up-to-date symlink: /home/sid/orb_ws/install/orbslam3/share/orbslam3//config/stereo-inertial/MultiSession/EuRoC_MH02.yaml
[0.470s] -- Up-to-date symlink: /home/sid/orb_ws/install/orbslam3/share/orbslam3//config/stereo-inertial/MultiSession/EuRoC_MH03.yaml
[0.470s] -- Up-to-date symlink: /home/sid/orb_ws/install/orbslam3/share/orbslam3//config/stereo-inertial/MultiSession/EuRoC_MH04.yaml
[0.470s] -- Up-to-date symlink: /home/sid/orb_ws/install/orbslam3/share/orbslam3//config/stereo-inertial/MultiSession/EuRoC_MH05.yaml
[0.470s] -- Up-to-date symlink: /home/sid/orb_ws/install/orbslam3/share/orbslam3//config/stereo-inertial/MultiSession/EuRoC_V101.yaml
[0.470s] -- Up-to-date symlink: /home/sid/orb_ws/install/orbslam3/share/orbslam3//config/stereo-inertial/MultiSession/EuRoC_V102.yaml
[0.470s] -- Up-to-date symlink: /home/sid/orb_ws/install/orbslam3/share/orbslam3//config/stereo-inertial/MultiSession/EuRoC_V103.yaml
[0.470s] -- Up-to-date symlink: /home/sid/orb_ws/install/orbslam3/share/orbslam3//config/stereo-inertial/MultiSession/EuRoC_V201.yaml
[0.470s] -- Up-to-date symlink: /home/sid/orb_ws/install/orbslam3/share/orbslam3//config/stereo-inertial/MultiSession/EuRoC_V202.yaml
[0.470s] -- Up-to-date symlink: /home/sid/orb_ws/install/orbslam3/share/orbslam3//config/stereo-inertial/MultiSession/EuRoC_V203.yaml
[0.470s] -- Up-to-date symlink: /home/sid/orb_ws/install/orbslam3/share/orbslam3//config/stereo-inertial/RealSense_D435i.yaml
[0.470s] -- Up-to-date symlink: /home/sid/orb_ws/install/orbslam3/share/orbslam3//config/stereo-inertial/RealSense_T265.yaml
[0.470s] -- Up-to-date symlink: /home/sid/orb_ws/install/orbslam3/share/orbslam3//config/stereo-inertial/TUM-VI.yaml
[0.470s] -- Up-to-date symlink: /home/sid/orb_ws/install/orbslam3/share/orbslam3//config/stereo-inertial/TUM-VI_far.yaml
[0.470s] -- Up-to-date symlink: /home/sid/orb_ws/install/orbslam3/share/orbslam3//config/stereo-inertial/TUM_IMU/dataset-corridor1_512.txt
[0.470s] -- Up-to-date symlink: /home/sid/orb_ws/install/orbslam3/share/orbslam3//config/stereo-inertial/TUM_IMU/dataset-corridor2_1024.txt
[0.470s] -- Up-to-date symlink: /home/sid/orb_ws/install/orbslam3/share/orbslam3//config/stereo-inertial/TUM_IMU/dataset-corridor2_512.txt
[0.470s] -- Up-to-date symlink: /home/sid/orb_ws/install/orbslam3/share/orbslam3//config/stereo-inertial/TUM_IMU/dataset-corridor3_512.txt
[0.470s] -- Up-to-date symlink: /home/sid/orb_ws/install/orbslam3/share/orbslam3//config/stereo-inertial/TUM_IMU/dataset-corridor4_512.txt
[0.471s] -- Up-to-date symlink: /home/sid/orb_ws/install/orbslam3/share/orbslam3//config/stereo-inertial/TUM_IMU/dataset-corridor5_512.txt
[0.471s] -- Up-to-date symlink: /home/sid/orb_ws/install/orbslam3/share/orbslam3//config/stereo-inertial/TUM_IMU/dataset-magistrale1_512.txt
[0.471s] -- Up-to-date symlink: /home/sid/orb_ws/install/orbslam3/share/orbslam3//config/stereo-inertial/TUM_IMU/dataset-magistrale2_512.txt
[0.471s] -- Up-to-date symlink: /home/sid/orb_ws/install/orbslam3/share/orbslam3//config/stereo-inertial/TUM_IMU/dataset-magistrale3_512.txt
[0.471s] -- Up-to-date symlink: /home/sid/orb_ws/install/orbslam3/share/orbslam3//config/stereo-inertial/TUM_IMU/dataset-magistrale4_512.txt
[0.471s] -- Up-to-date symlink: /home/sid/orb_ws/install/orbslam3/share/orbslam3//config/stereo-inertial/TUM_IMU/dataset-magistrale5_512.txt
[0.471s] -- Up-to-date symlink: /home/sid/orb_ws/install/orbslam3/share/orbslam3//config/stereo-inertial/TUM_IMU/dataset-magistrale6_512.txt
[0.471s] -- Up-to-date symlink: /home/sid/orb_ws/install/orbslam3/share/orbslam3//config/stereo-inertial/TUM_IMU/dataset-outdoors1_512.txt
[0.471s] -- Up-to-date symlink: /home/sid/orb_ws/install/orbslam3/share/orbslam3//config/stereo-inertial/TUM_IMU/dataset-outdoors2_512.txt
[0.471s] -- Up-to-date symlink: /home/sid/orb_ws/install/orbslam3/share/orbslam3//config/stereo-inertial/TUM_IMU/dataset-outdoors3_512.txt
[0.471s] -- Up-to-date symlink: /home/sid/orb_ws/install/orbslam3/share/orbslam3//config/stereo-inertial/TUM_IMU/dataset-outdoors4_512.txt
[0.471s] -- Up-to-date symlink: /home/sid/orb_ws/install/orbslam3/share/orbslam3//config/stereo-inertial/TUM_IMU/dataset-outdoors5_512.txt
[0.471s] -- Up-to-date symlink: /home/sid/orb_ws/install/orbslam3/share/orbslam3//config/stereo-inertial/TUM_IMU/dataset-outdoors6_512.txt
[0.471s] -- Up-to-date symlink: /home/sid/orb_ws/install/orbslam3/share/orbslam3//config/stereo-inertial/TUM_IMU/dataset-outdoors7_512.txt
[0.471s] -- Up-to-date symlink: /home/sid/orb_ws/install/orbslam3/share/orbslam3//config/stereo-inertial/TUM_IMU/dataset-outdoors8_512.txt
[0.471s] -- Up-to-date symlink: /home/sid/orb_ws/install/orbslam3/share/orbslam3//config/stereo-inertial/TUM_IMU/dataset-room1_512.txt
[0.471s] -- Up-to-date symlink: /home/sid/orb_ws/install/orbslam3/share/orbslam3//config/stereo-inertial/TUM_IMU/dataset-room2_512.txt
[0.471s] -- Up-to-date symlink: /home/sid/orb_ws/install/orbslam3/share/orbslam3//config/stereo-inertial/TUM_IMU/dataset-room3_512.txt
[0.471s] -- Up-to-date symlink: /home/sid/orb_ws/install/orbslam3/share/orbslam3//config/stereo-inertial/TUM_IMU/dataset-room4_512.txt
[0.471s] -- Up-to-date symlink: /home/sid/orb_ws/install/orbslam3/share/orbslam3//config/stereo-inertial/TUM_IMU/dataset-room5_512.txt
[0.471s] -- Up-to-date symlink: /home/sid/orb_ws/install/orbslam3/share/orbslam3//config/stereo-inertial/TUM_IMU/dataset-room6_512.txt
[0.471s] -- Up-to-date symlink: /home/sid/orb_ws/install/orbslam3/share/orbslam3//config/stereo-inertial/TUM_IMU/dataset-slides1_512.txt
[0.471s] -- Up-to-date symlink: /home/sid/orb_ws/install/orbslam3/share/orbslam3//config/stereo-inertial/TUM_IMU/dataset-slides2_512.txt
[0.471s] -- Up-to-date symlink: /home/sid/orb_ws/install/orbslam3/share/orbslam3//config/stereo-inertial/TUM_IMU/dataset-slides3_512.txt
[0.472s] -- Up-to-date symlink: /home/sid/orb_ws/install/orbslam3/share/orbslam3//config/stereo-inertial/TUM_TimeStamps/dataset-corridor1_512.txt
[0.472s] -- Up-to-date symlink: /home/sid/orb_ws/install/orbslam3/share/orbslam3//config/stereo-inertial/TUM_TimeStamps/dataset-corridor2_1024.txt
[0.472s] -- Up-to-date symlink: /home/sid/orb_ws/install/orbslam3/share/orbslam3//config/stereo-inertial/TUM_TimeStamps/dataset-corridor2_512.txt
[0.472s] -- Up-to-date symlink: /home/sid/orb_ws/install/orbslam3/share/orbslam3//config/stereo-inertial/TUM_TimeStamps/dataset-corridor3_512.txt
[0.472s] -- Up-to-date symlink: /home/sid/orb_ws/install/orbslam3/share/orbslam3//config/stereo-inertial/TUM_TimeStamps/dataset-corridor4_512.txt
[0.472s] -- Up-to-date symlink: /home/sid/orb_ws/install/orbslam3/share/orbslam3//config/stereo-inertial/TUM_TimeStamps/dataset-corridor5_512.txt
[0.472s] -- Up-to-date symlink: /home/sid/orb_ws/install/orbslam3/share/orbslam3//config/stereo-inertial/TUM_TimeStamps/dataset-magistrale1_512.txt
[0.472s] -- Up-to-date symlink: /home/sid/orb_ws/install/orbslam3/share/orbslam3//config/stereo-inertial/TUM_TimeStamps/dataset-magistrale2_512.txt
[0.472s] -- Up-to-date symlink: /home/sid/orb_ws/install/orbslam3/share/orbslam3//config/stereo-inertial/TUM_TimeStamps/dataset-magistrale3_512.txt
[0.472s] -- Up-to-date symlink: /home/sid/orb_ws/install/orbslam3/share/orbslam3//config/stereo-inertial/TUM_TimeStamps/dataset-magistrale4_512.txt
[0.472s] -- Up-to-date symlink: /home/sid/orb_ws/install/orbslam3/share/orbslam3//config/stereo-inertial/TUM_TimeStamps/dataset-magistrale5_512.txt
[0.472s] -- Up-to-date symlink: /home/sid/orb_ws/install/orbslam3/share/orbslam3//config/stereo-inertial/TUM_TimeStamps/dataset-magistrale6_512.txt
[0.472s] -- Up-to-date symlink: /home/sid/orb_ws/install/orbslam3/share/orbslam3//config/stereo-inertial/TUM_TimeStamps/dataset-outdoors1_512.txt
[0.472s] -- Up-to-date symlink: /home/sid/orb_ws/install/orbslam3/share/orbslam3//config/stereo-inertial/TUM_TimeStamps/dataset-outdoors2_512.txt
[0.472s] -- Up-to-date symlink: /home/sid/orb_ws/install/orbslam3/share/orbslam3//config/stereo-inertial/TUM_TimeStamps/dataset-outdoors3_512.txt
[0.472s] -- Up-to-date symlink: /home/sid/orb_ws/install/orbslam3/share/orbslam3//config/stereo-inertial/TUM_TimeStamps/dataset-outdoors4_512.txt
[0.472s] -- Up-to-date symlink: /home/sid/orb_ws/install/orbslam3/share/orbslam3//config/stereo-inertial/TUM_TimeStamps/dataset-outdoors5_512.txt
[0.472s] -- Up-to-date symlink: /home/sid/orb_ws/install/orbslam3/share/orbslam3//config/stereo-inertial/TUM_TimeStamps/dataset-outdoors6_512.txt
[0.472s] -- Up-to-date symlink: /home/sid/orb_ws/install/orbslam3/share/orbslam3//config/stereo-inertial/TUM_TimeStamps/dataset-outdoors7_512.txt
[0.472s] -- Up-to-date symlink: /home/sid/orb_ws/install/orbslam3/share/orbslam3//config/stereo-inertial/TUM_TimeStamps/dataset-outdoors8_512.txt
[0.472s] -- Up-to-date symlink: /home/sid/orb_ws/install/orbslam3/share/orbslam3//config/stereo-inertial/TUM_TimeStamps/dataset-room1_512.txt
[0.472s] -- Up-to-date symlink: /home/sid/orb_ws/install/orbslam3/share/orbslam3//config/stereo-inertial/TUM_TimeStamps/dataset-room2_512.txt
[0.472s] -- Up-to-date symlink: /home/sid/orb_ws/install/orbslam3/share/orbslam3//config/stereo-inertial/TUM_TimeStamps/dataset-room3_512.txt
[0.472s] -- Up-to-date symlink: /home/sid/orb_ws/install/orbslam3/share/orbslam3//config/stereo-inertial/TUM_TimeStamps/dataset-room4_512.txt
[0.472s] -- Up-to-date symlink: /home/sid/orb_ws/install/orbslam3/share/orbslam3//config/stereo-inertial/TUM_TimeStamps/dataset-room5_512.txt
[0.473s] -- Up-to-date symlink: /home/sid/orb_ws/install/orbslam3/share/orbslam3//config/stereo-inertial/TUM_TimeStamps/dataset-room6_512.txt
[0.473s] -- Up-to-date symlink: /home/sid/orb_ws/install/orbslam3/share/orbslam3//config/stereo-inertial/TUM_TimeStamps/dataset-slides1_512.txt
[0.473s] -- Up-to-date symlink: /home/sid/orb_ws/install/orbslam3/share/orbslam3//config/stereo-inertial/TUM_TimeStamps/dataset-slides2_512.txt
[0.473s] -- Up-to-date symlink: /home/sid/orb_ws/install/orbslam3/share/orbslam3//config/stereo-inertial/TUM_TimeStamps/dataset-slides3_512.txt
[0.473s] -- Up-to-date symlink: /home/sid/orb_ws/install/orbslam3/share/orbslam3//config/stereo/EuRoC.yaml
[0.473s] -- Up-to-date symlink: /home/sid/orb_ws/install/orbslam3/share/orbslam3//config/stereo/EuRoC_TimeStamps/MH01.txt
[0.473s] -- Up-to-date symlink: /home/sid/orb_ws/install/orbslam3/share/orbslam3//config/stereo/EuRoC_TimeStamps/MH02.txt
[0.473s] -- Up-to-date symlink: /home/sid/orb_ws/install/orbslam3/share/orbslam3//config/stereo/EuRoC_TimeStamps/MH03.txt
[0.473s] -- Up-to-date symlink: /home/sid/orb_ws/install/orbslam3/share/orbslam3//config/stereo/EuRoC_TimeStamps/MH04.txt
[0.473s] -- Up-to-date symlink: /home/sid/orb_ws/install/orbslam3/share/orbslam3//config/stereo/EuRoC_TimeStamps/MH05.txt
[0.473s] -- Up-to-date symlink: /home/sid/orb_ws/install/orbslam3/share/orbslam3//config/stereo/EuRoC_TimeStamps/V101.txt
[0.473s] -- Up-to-date symlink: /home/sid/orb_ws/install/orbslam3/share/orbslam3//config/stereo/EuRoC_TimeStamps/V102.txt
[0.473s] -- Up-to-date symlink: /home/sid/orb_ws/install/orbslam3/share/orbslam3//config/stereo/EuRoC_TimeStamps/V103.txt
[0.473s] -- Up-to-date symlink: /home/sid/orb_ws/install/orbslam3/share/orbslam3//config/stereo/EuRoC_TimeStamps/V201.txt
[0.473s] -- Up-to-date symlink: /home/sid/orb_ws/install/orbslam3/share/orbslam3//config/stereo/EuRoC_TimeStamps/V202.txt
[0.473s] -- Up-to-date symlink: /home/sid/orb_ws/install/orbslam3/share/orbslam3//config/stereo/EuRoC_TimeStamps/V203.txt
[0.473s] -- Up-to-date symlink: /home/sid/orb_ws/install/orbslam3/share/orbslam3//config/stereo/KITTI00-02.yaml
[0.473s] -- Up-to-date symlink: /home/sid/orb_ws/install/orbslam3/share/orbslam3//config/stereo/KITTI03.yaml
[0.473s] -- Up-to-date symlink: /home/sid/orb_ws/install/orbslam3/share/orbslam3//config/stereo/KITTI04-12.yaml
[0.473s] -- Up-to-date symlink: /home/sid/orb_ws/install/orbslam3/share/orbslam3//config/stereo/MultiSession/EuRoC_MH01.yaml
[0.473s] -- Up-to-date symlink: /home/sid/orb_ws/install/orbslam3/share/orbslam3//config/stereo/MultiSession/EuRoC_MH02.yaml
[0.473s] -- Up-to-date symlink: /home/sid/orb_ws/install/orbslam3/share/orbslam3//config/stereo/MultiSession/EuRoC_MH03.yaml
[0.473s] -- Up-to-date symlink: /home/sid/orb_ws/install/orbslam3/share/orbslam3//config/stereo/MultiSession/EuRoC_MH04.yaml
[0.474s] -- Up-to-date symlink: /home/sid/orb_ws/install/orbslam3/share/orbslam3//config/stereo/MultiSession/EuRoC_MH05.yaml
[0.474s] -- Up-to-date symlink: /home/sid/orb_ws/install/orbslam3/share/orbslam3//config/stereo/MultiSession/EuRoC_V101.yaml
[0.474s] -- Up-to-date symlink: /home/sid/orb_ws/install/orbslam3/share/orbslam3//config/stereo/MultiSession/EuRoC_V102.yaml
[0.474s] -- Up-to-date symlink: /home/sid/orb_ws/install/orbslam3/share/orbslam3//config/stereo/MultiSession/EuRoC_V103.yaml
[0.474s] -- Up-to-date symlink: /home/sid/orb_ws/install/orbslam3/share/orbslam3//config/stereo/MultiSession/EuRoC_V201.yaml
[0.474s] -- Up-to-date symlink: /home/sid/orb_ws/install/orbslam3/share/orbslam3//config/stereo/MultiSession/EuRoC_V202.yaml
[0.474s] -- Up-to-date symlink: /home/sid/orb_ws/install/orbslam3/share/orbslam3//config/stereo/MultiSession/EuRoC_V203.yaml
[0.474s] -- Up-to-date symlink: /home/sid/orb_ws/install/orbslam3/share/orbslam3//config/stereo/RealSense_D435i.yaml
[0.474s] -- Up-to-date symlink: /home/sid/orb_ws/install/orbslam3/share/orbslam3//config/stereo/RealSense_T265.yaml
[0.474s] -- Up-to-date symlink: /home/sid/orb_ws/install/orbslam3/share/orbslam3//config/stereo/TUM-VI.yaml
[0.474s] -- Up-to-date symlink: /home/sid/orb_ws/install/orbslam3/share/orbslam3//config/stereo/TUM_TimeStamps/dataset-corridor1_512.txt
[0.474s] -- Up-to-date symlink: /home/sid/orb_ws/install/orbslam3/share/orbslam3//config/stereo/TUM_TimeStamps/dataset-corridor2_1024.txt
[0.474s] -- Up-to-date symlink: /home/sid/orb_ws/install/orbslam3/share/orbslam3//config/stereo/TUM_TimeStamps/dataset-corridor2_512.txt
[0.474s] -- Up-to-date symlink: /home/sid/orb_ws/install/orbslam3/share/orbslam3//config/stereo/TUM_TimeStamps/dataset-corridor3_512.txt
[0.474s] -- Up-to-date symlink: /home/sid/orb_ws/install/orbslam3/share/orbslam3//config/stereo/TUM_TimeStamps/dataset-corridor4_512.txt
[0.474s] -- Up-to-date symlink: /home/sid/orb_ws/install/orbslam3/share/orbslam3//config/stereo/TUM_TimeStamps/dataset-corridor5_512.txt
[0.474s] -- Up-to-date symlink: /home/sid/orb_ws/install/orbslam3/share/orbslam3//config/stereo/TUM_TimeStamps/dataset-magistrale1_512.txt
[0.474s] -- Up-to-date symlink: /home/sid/orb_ws/install/orbslam3/share/orbslam3//config/stereo/TUM_TimeStamps/dataset-magistrale2_512.txt
[0.474s] -- Up-to-date symlink: /home/sid/orb_ws/install/orbslam3/share/orbslam3//config/stereo/TUM_TimeStamps/dataset-magistrale3_512.txt
[0.474s] -- Up-to-date symlink: /home/sid/orb_ws/install/orbslam3/share/orbslam3//config/stereo/TUM_TimeStamps/dataset-magistrale4_512.txt
[0.474s] -- Up-to-date symlink: /home/sid/orb_ws/install/orbslam3/share/orbslam3//config/stereo/TUM_TimeStamps/dataset-magistrale5_512.txt
[0.474s] -- Up-to-date symlink: /home/sid/orb_ws/install/orbslam3/share/orbslam3//config/stereo/TUM_TimeStamps/dataset-magistrale6_512.txt
[0.474s] -- Up-to-date symlink: /home/sid/orb_ws/install/orbslam3/share/orbslam3//config/stereo/TUM_TimeStamps/dataset-outdoors1_512.txt
[0.474s] -- Up-to-date symlink: /home/sid/orb_ws/install/orbslam3/share/orbslam3//config/stereo/TUM_TimeStamps/dataset-outdoors2_512.txt
[0.475s] -- Up-to-date symlink: /home/sid/orb_ws/install/orbslam3/share/orbslam3//config/stereo/TUM_TimeStamps/dataset-outdoors3_512.txt
[0.475s] -- Up-to-date symlink: /home/sid/orb_ws/install/orbslam3/share/orbslam3//config/stereo/TUM_TimeStamps/dataset-outdoors4_512.txt
[0.475s] -- Up-to-date symlink: /home/sid/orb_ws/install/orbslam3/share/orbslam3//config/stereo/TUM_TimeStamps/dataset-outdoors5_512.txt
[0.475s] -- Up-to-date symlink: /home/sid/orb_ws/install/orbslam3/share/orbslam3//config/stereo/TUM_TimeStamps/dataset-outdoors6_512.txt
[0.475s] -- Up-to-date symlink: /home/sid/orb_ws/install/orbslam3/share/orbslam3//config/stereo/TUM_TimeStamps/dataset-outdoors7_512.txt
[0.475s] -- Up-to-date symlink: /home/sid/orb_ws/install/orbslam3/share/orbslam3//config/stereo/TUM_TimeStamps/dataset-outdoors8_512.txt
[0.475s] -- Up-to-date symlink: /home/sid/orb_ws/install/orbslam3/share/orbslam3//config/stereo/TUM_TimeStamps/dataset-room1_512.txt
[0.475s] -- Up-to-date symlink: /home/sid/orb_ws/install/orbslam3/share/orbslam3//config/stereo/TUM_TimeStamps/dataset-room2_512.txt
[0.475s] -- Up-to-date symlink: /home/sid/orb_ws/install/orbslam3/share/orbslam3//config/stereo/TUM_TimeStamps/dataset-room3_512.txt
[0.475s] -- Up-to-date symlink: /home/sid/orb_ws/install/orbslam3/share/orbslam3//config/stereo/TUM_TimeStamps/dataset-room4_512.txt
[0.475s] -- Up-to-date symlink: /home/sid/orb_ws/install/orbslam3/share/orbslam3//config/stereo/TUM_TimeStamps/dataset-room5_512.txt
[0.475s] -- Up-to-date symlink: /home/sid/orb_ws/install/orbslam3/share/orbslam3//config/stereo/TUM_TimeStamps/dataset-room6_512.txt
[0.475s] -- Up-to-date symlink: /home/sid/orb_ws/install/orbslam3/share/orbslam3//config/stereo/TUM_TimeStamps/dataset-slides1_512.txt
[0.475s] -- Up-to-date symlink: /home/sid/orb_ws/install/orbslam3/share/orbslam3//config/stereo/TUM_TimeStamps/dataset-slides2_512.txt
[0.475s] -- Up-to-date symlink: /home/sid/orb_ws/install/orbslam3/share/orbslam3//config/stereo/TUM_TimeStamps/dataset-slides3_512.txt
[0.475s] -- Up-to-date symlink: /home/sid/orb_ws/install/orbslam3/share/orbslam3//vocabulary/ORBvoc.txt.tar.gz
[0.475s] -- Up-to-date symlink: /home/sid/orb_ws/install/orbslam3/share/ament_index/resource_index/package_run_dependencies/orbslam3
[0.475s] -- Up-to-date symlink: /home/sid/orb_ws/install/orbslam3/share/ament_index/resource_index/parent_prefix_path/orbslam3
[0.475s] -- Up-to-date symlink: /home/sid/orb_ws/install/orbslam3/share/orbslam3/environment/ament_prefix_path.sh
[0.476s] -- Up-to-date symlink: /home/sid/orb_ws/install/orbslam3/share/orbslam3/environment/ament_prefix_path.dsv
[0.476s] -- Up-to-date symlink: /home/sid/orb_ws/install/orbslam3/share/orbslam3/environment/path.sh
[0.476s] -- Up-to-date symlink: /home/sid/orb_ws/install/orbslam3/share/orbslam3/environment/path.dsv
[0.476s] -- Up-to-date symlink: /home/sid/orb_ws/install/orbslam3/share/orbslam3/local_setup.bash
[0.476s] -- Up-to-date symlink: /home/sid/orb_ws/install/orbslam3/share/orbslam3/local_setup.sh
[0.476s] -- Up-to-date symlink: /home/sid/orb_ws/install/orbslam3/share/orbslam3/local_setup.zsh
[0.476s] -- Up-to-date symlink: /home/sid/orb_ws/install/orbslam3/share/orbslam3/local_setup.dsv
[0.476s] -- Symlinking: /home/sid/orb_ws/install/orbslam3/share/orbslam3/package.dsv
[0.484s] -- Up-to-date symlink: /home/sid/orb_ws/install/orbslam3/share/ament_index/resource_index/packages/orbslam3
[0.484s] -- Up-to-date symlink: /home/sid/orb_ws/install/orbslam3/share/orbslam3/cmake/orbslam3Config.cmake
[0.484s] -- Up-to-date symlink: /home/sid/orb_ws/install/orbslam3/share/orbslam3/cmake/orbslam3Config-version.cmake
[0.484s] -- Up-to-date symlink: /home/sid/orb_ws/install/orbslam3/share/orbslam3/package.xml
[0.485s] Invoked command in '/home/sid/orb_ws/build/orbslam3' returned '0': CMAKE_PREFIX_PATH=${CMAKE_PREFIX_PATH}:/opt/ros/humble /usr/bin/cmake --install /home/sid/orb_ws/build/orbslam3
